
[VOICE-LAUNCH] Starting drive mode panel
[VOICE-LAUNCH] Command: /home/devdul/Projects/smart-desk-ai-assistant/.venv/bin/python /home/devdul/Projects/smart-desk-ai-assistant/scripts/mobile_base_drive_mode.py --host 127.0.0.1 --http-port 8768 --linear-speed-mps 0.150 --angular-speed-rad-s 0.300 --dry-run --port /dev/serial/by-id/usb-1a86_USB_Single_Serial_5A36029146-if00

[VOICE-LAUNCH] Starting drive mode panel
[VOICE-LAUNCH] Command: /home/devdul/Projects/smart-desk-ai-assistant/.venv/bin/python /home/devdul/Projects/smart-desk-ai-assistant/scripts/mobile_base_drive_mode.py --host 127.0.0.1 --http-port 8768 --linear-speed-mps 0.150 --angular-speed-rad-s 0.300 --dry-run --port /dev/serial/by-id/usb-1a86_USB_Single_Serial_5A36029146-if00
[VOICE-LAUNCH] Auto-opening panel: http://127.0.0.1:8768/
[VOICE-LAUNCH] Auto-opening panel: http://127.0.0.1:8768/
----------------------------------------
Exception occurred during processing of request from ('127.0.0.1', 57306)
Traceback (most recent call last):
  File "/usr/lib/python3.13/socketserver.py", line 697, in process_request_thread
    self.finish_request(request, client_address)
    ~~~~~~~~~~~~~~~~~~~^^^^^^^^^^^^^^^^^^^^^^^^^
  File "/usr/lib/python3.13/socketserver.py", line 362, in finish_request
    self.RequestHandlerClass(request, client_address, self)
    ~~~~~~~~~~~~~~~~~~~~~~~~^^^^^^^^^^^^^^^^^^^^^^^^^^^^^^^
  File "/usr/lib/python3.13/socketserver.py", line 766, in __init__
    self.handle()
    ~~~~~~~~~~~^^
  File "/usr/lib/python3.13/http/server.py", line 436, in handle
    self.handle_one_request()
    ~~~~~~~~~~~~~~~~~~~~~~~^^
  File "/usr/lib/python3.13/http/server.py", line 424, in handle_one_request
    method()
    ~~~~~~^^
  File "/home/devdul/Projects/smart-desk-ai-assistant/scripts/mobile_base_drive_mode.py", line 211, in do_POST
    _json_response(self, result.as_dict(), status=status)
    ~~~~~~~~~~~~~~^^^^^^^^^^^^^^^^^^^^^^^^^^^^^^^^^^^^^^^
  File "/home/devdul/Projects/smart-desk-ai-assistant/scripts/mobile_base_drive_mode.py", line 159, in _json_response
    handler.wfile.write(encoded)
    ~~~~~~~~~~~~~~~~~~~^^^^^^^^^
  File "/usr/lib/python3.13/socketserver.py", line 845, in write
    self._sock.sendall(b)
    ~~~~~~~~~~~~~~~~~~^^^
BrokenPipeError: [Errno 32] Broken pipe
----------------------------------------
----------------------------------------
Exception occurred during processing of request from ('127.0.0.1', 44582)
Traceback (most recent call last):
  File "/usr/lib/python3.13/socketserver.py", line 697, in process_request_thread
    self.finish_request(request, client_address)
    ~~~~~~~~~~~~~~~~~~~^^^^^^^^^^^^^^^^^^^^^^^^^
  File "/usr/lib/python3.13/socketserver.py", line 362, in finish_request
    self.RequestHandlerClass(request, client_address, self)
    ~~~~~~~~~~~~~~~~~~~~~~~~^^^^^^^^^^^^^^^^^^^^^^^^^^^^^^^
  File "/usr/lib/python3.13/socketserver.py", line 766, in __init__
    self.handle()
    ~~~~~~~~~~~^^
  File "/usr/lib/python3.13/http/server.py", line 436, in handle
    self.handle_one_request()
    ~~~~~~~~~~~~~~~~~~~~~~~^^
  File "/usr/lib/python3.13/http/server.py", line 424, in handle_one_request
    method()
    ~~~~~~^^
  File "/home/devdul/Projects/smart-desk-ai-assistant/scripts/mobile_base_drive_mode.py", line 211, in do_POST
    _json_response(self, result.as_dict(), status=status)
    ~~~~~~~~~~~~~~^^^^^^^^^^^^^^^^^^^^^^^^^^^^^^^^^^^^^^^
  File "/home/devdul/Projects/smart-desk-ai-assistant/scripts/mobile_base_drive_mode.py", line 159, in _json_response
    handler.wfile.write(encoded)
    ~~~~~~~~~~~~~~~~~~~^^^^^^^^^
  File "/usr/lib/python3.13/socketserver.py", line 845, in write
    self._sock.sendall(b)
    ~~~~~~~~~~~~~~~~~~^^^
BrokenPipeError: [Errno 32] Broken pipe
----------------------------------------
----------------------------------------
Exception occurred during processing of request from ('127.0.0.1', 44592)
Traceback (most recent call last):
  File "/usr/lib/python3.13/socketserver.py", line 697, in process_request_thread
    self.finish_request(request, client_address)
    ~~~~~~~~~~~~~~~~~~~^^^^^^^^^^^^^^^^^^^^^^^^^
  File "/usr/lib/python3.13/socketserver.py", line 362, in finish_request
    self.RequestHandlerClass(request, client_address, self)
    ~~~~~~~~~~~~~~~~~~~~~~~~^^^^^^^^^^^^^^^^^^^^^^^^^^^^^^^
  File "/usr/lib/python3.13/socketserver.py", line 766, in __init__
    self.handle()
    ~~~~~~~~~~~^^
  File "/usr/lib/python3.13/http/server.py", line 436, in handle
    self.handle_one_request()
    ~~~~~~~~~~~~~~~~~~~~~~~^^
  File "/usr/lib/python3.13/http/server.py", line 424, in handle_one_request
    method()
    ~~~~~~^^
  File "/home/devdul/Projects/smart-desk-ai-assistant/scripts/mobile_base_drive_mode.py", line 211, in do_POST
    _json_response(self, result.as_dict(), status=status)
    ~~~~~~~~~~~~~~^^^^^^^^^^^^^^^^^^^^^^^^^^^^^^^^^^^^^^^
  File "/home/devdul/Projects/smart-desk-ai-assistant/scripts/mobile_base_drive_mode.py", line 159, in _json_response
    handler.wfile.write(encoded)
    ~~~~~~~~~~~~~~~~~~~^^^^^^^^^
  File "/usr/lib/python3.13/socketserver.py", line 845, in write
    self._sock.sendall(b)
    ~~~~~~~~~~~~~~~~~~^^^
BrokenPipeError: [Errno 32] Broken pipe
----------------------------------------

[VOICE-LAUNCH] Starting drive mode panel
[VOICE-LAUNCH] Command: /home/devdul/Projects/smart-desk-ai-assistant/.venv/bin/python /home/devdul/Projects/smart-desk-ai-assistant/scripts/mobile_base_drive_mode.py --host 127.0.0.1 --http-port 8768 --linear-speed-mps 0.150 --angular-speed-rad-s 0.300 --port /dev/serial/by-id/usb-1a86_USB_Single_Serial_5A36029146-if00 --enable-movement
[VOICE-LAUNCH] dry_run=False movement_requested=True movement_enabled=True force_restart=True
[VOICE-LAUNCH] Auto-opening panel: http://127.0.0.1:8768/
Traceback (most recent call last):
  File "/home/devdul/Projects/smart-desk-ai-assistant/scripts/mobile_base_drive_mode.py", line 73, in <module>
    if __name__=="__main__": raise SystemExit(main(sys.argv[1:]))
                                              ~~~~^^^^^^^^^^^^^^
  File "/home/devdul/Projects/smart-desk-ai-assistant/scripts/mobile_base_drive_mode.py", line 72, in main
    args=parser().parse_args(argv); return selftest(args) if args.self_test else server(args)
                                                                                 ~~~~~~^^^^^^
  File "/home/devdul/Projects/smart-desk-ai-assistant/scripts/mobile_base_drive_mode.py", line 62, in server
    service, selected, dry=make(args); service.controller.open(); Handler.service=service; Handler.selected_port=selected; Handler.dry_run=dry; Handler.movement_enabled=bool(args.enable_movement); Handler.linear_speed_mps=args.linear_speed_mps; Handler.angular_speed_rad_s=args.angular_speed_rad_s; Handler.command_profile=args.command_profile; Handler.wheel_turn_speed_mps=args.wheel_turn_speed_mps; stop=threading.Event()
                           ~~~~^^^^^^
  File "/home/devdul/Projects/smart-desk-ai-assistant/scripts/mobile_base_drive_mode.py", line 50, in make
    if os.environ.get(HARDWARE_TEST_ENV)!=HARDWARE_TEST_VALUE: raise RuntimeError(f"Hardware gate is closed. Set {HARDWARE_TEST_ENV}={HARDWARE_TEST_VALUE}.")
                                                               ^^^^^^^^^^^^^^^^^^^^^^^^^^^^^^^^^^^^^^^^^^^^^^^^^^^^^^^^^^^^^^^^^^^^^^^^^^^^^^^^^^^^^^^^^^^^^^
RuntimeError: Hardware gate is closed. Set CONFIRM_NEXA_MOBILE_BASE_TEST=RUN.
Traceback (most recent call last):
  File "/home/devdul/Projects/smart-desk-ai-assistant/scripts/mobile_base_drive_mode.py", line 73, in <module>
    if __name__=="__main__": raise SystemExit(main(sys.argv[1:]))
                                              ~~~~^^^^^^^^^^^^^^
  File "/home/devdul/Projects/smart-desk-ai-assistant/scripts/mobile_base_drive_mode.py", line 72, in main
    args=parser().parse_args(argv); return selftest(args) if args.self_test else server(args)
                                                                                 ~~~~~~^^^^^^
  File "/home/devdul/Projects/smart-desk-ai-assistant/scripts/mobile_base_drive_mode.py", line 62, in server
    service, selected, dry=make(args); service.controller.open(); Handler.service=service; Handler.selected_port=selected; Handler.dry_run=dry; Handler.movement_enabled=bool(args.enable_movement); Handler.linear_speed_mps=args.linear_speed_mps; Handler.angular_speed_rad_s=args.angular_speed_rad_s; Handler.command_profile=args.command_profile; Handler.wheel_turn_speed_mps=args.wheel_turn_speed_mps; stop=threading.Event()
                           ~~~~^^^^^^
  File "/home/devdul/Projects/smart-desk-ai-assistant/scripts/mobile_base_drive_mode.py", line 50, in make
    if os.environ.get(HARDWARE_TEST_ENV)!=HARDWARE_TEST_VALUE: raise RuntimeError(f"Hardware gate is closed. Set {HARDWARE_TEST_ENV}={HARDWARE_TEST_VALUE}.")
                                                               ^^^^^^^^^^^^^^^^^^^^^^^^^^^^^^^^^^^^^^^^^^^^^^^^^^^^^^^^^^^^^^^^^^^^^^^^^^^^^^^^^^^^^^^^^^^^^^
RuntimeError: Hardware gate is closed. Set CONFIRM_NEXA_MOBILE_BASE_TEST=RUN.
[INFO] NeXa mobile base drive mode starting.
[INFO] Selected port: /dev/serial/by-id/usb-1a86_USB_Single_Serial_5A36029146-if00
[INFO] Mode: hardware
[INFO] Movement enabled flag: True
[INFO] Command profile: wheel
[OK] Open this on the Raspberry Pi: http://127.0.0.1:8768/
[WRITE] {"T":1,"L":-0.18,"R":-0.18}
[WRITE] {"T":1,"L":-0.18,"R":-0.18}
[WRITE] {"T":1,"L":-0.18,"R":-0.18}
[WRITE] {"T":1,"L":-0.18,"R":-0.18}
[WRITE] {"T":1,"L":-0.18,"R":-0.18}
[WRITE] {"T":1,"L":0.0,"R":0.0}
[WRITE] {"T":1,"L":-0.18,"R":-0.18}
[WRITE] {"T":1,"L":-0.18,"R":-0.18}
[WRITE] {"T":1,"L":-0.18,"R":-0.18}
[WRITE] {"T":1,"L":-0.18,"R":-0.18}
[WRITE] {"T":1,"L":-0.18,"R":-0.18}
[WRITE] {"T":1,"L":0.0,"R":0.0}
[WRITE] {"T":1,"L":-0.26,"R":0.26}
[WRITE] {"T":1,"L":-0.26,"R":0.26}
[WRITE] {"T":1,"L":-0.26,"R":0.26}
[WRITE] {"T":1,"L":0.0,"R":0.0}
[WRITE] {"T":1,"L":-0.26,"R":0.26}
[WRITE] {"T":1,"L":-0.26,"R":0.26}
[WRITE] {"T":1,"L":-0.26,"R":0.26}
[WRITE] {"T":1,"L":-0.26,"R":0.26}
[WRITE] {"T":1,"L":-0.26,"R":0.26}
[WRITE] {"T":1,"L":-0.26,"R":0.26}
[WRITE] {"T":1,"L":-0.26,"R":0.26}
[WRITE] {"T":1,"L":-0.26,"R":0.26}
[WRITE] {"T":1,"L":-0.26,"R":0.26}
[WRITE] {"T":1,"L":-0.26,"R":0.26}
[WRITE] {"T":1,"L":0.0,"R":0.0}
[WRITE] {"T":1,"L":0.26,"R":-0.26}
[WRITE] {"T":1,"L":0.26,"R":-0.26}
[WRITE] {"T":1,"L":0.26,"R":-0.26}
[WRITE] {"T":1,"L":0.26,"R":-0.26}
[WRITE] {"T":1,"L":0.26,"R":-0.26}
[WRITE] {"T":1,"L":0.26,"R":-0.26}
[WRITE] {"T":1,"L":0.26,"R":-0.26}
[WRITE] {"T":1,"L":0.26,"R":-0.26}
[WRITE] {"T":1,"L":0.26,"R":-0.26}
[WRITE] {"T":1,"L":0.26,"R":-0.26}
[WRITE] {"T":1,"L":0.26,"R":-0.26}
[WRITE] {"T":1,"L":0.26,"R":-0.26}
[WRITE] {"T":1,"L":0.26,"R":-0.26}
[WRITE] {"T":1,"L":0.26,"R":-0.26}
[WRITE] {"T":1,"L":0.26,"R":-0.26}
[WRITE] {"T":1,"L":0.0,"R":0.0}
[WRITE] {"T":1,"L":-0.26,"R":0.26}
[WRITE] {"T":1,"L":-0.26,"R":0.26}
[WRITE] {"T":1,"L":-0.26,"R":0.26}
[WRITE] {"T":1,"L":-0.26,"R":0.26}
[WRITE] {"T":1,"L":-0.26,"R":0.26}
[WRITE] {"T":1,"L":-0.26,"R":0.26}
[WRITE] {"T":1,"L":-0.26,"R":0.26}
[WRITE] {"T":1,"L":-0.26,"R":0.26}
[WRITE] {"T":1,"L":0.0,"R":0.0}
[WRITE] {"T":1,"L":-0.18,"R":-0.18}
[WRITE] {"T":1,"L":-0.18,"R":-0.18}
[WRITE] {"T":1,"L":-0.18,"R":-0.18}
[WRITE] {"T":1,"L":-0.18,"R":-0.18}
[WRITE] {"T":1,"L":-0.18,"R":-0.18}
[WRITE] {"T":1,"L":-0.18,"R":-0.18}
[WRITE] {"T":1,"L":0.0,"R":0.0}
[WRITE] {"T":1,"L":-0.18,"R":-0.18}
[WRITE] {"T":1,"L":-0.18,"R":-0.18}
[WRITE] {"T":1,"L":-0.18,"R":-0.18}
[WRITE] {"T":1,"L":-0.18,"R":-0.18}
[WRITE] {"T":1,"L":-0.18,"R":-0.18}
[WRITE] {"T":1,"L":-0.18,"R":-0.18}
[WRITE] {"T":1,"L":-0.18,"R":-0.18}
[WRITE] {"T":1,"L":-0.18,"R":-0.18}
[WRITE] {"T":1,"L":-0.18,"R":-0.18}
[WRITE] {"T":1,"L":0.0,"R":0.0}
[WRITE] {"T":1,"L":0.18,"R":0.18}
[WRITE] {"T":1,"L":0.18,"R":0.18}
[WRITE] {"T":1,"L":0.18,"R":0.18}
[WRITE] {"T":1,"L":0.18,"R":0.18}
[WRITE] {"T":1,"L":0.18,"R":0.18}
[WRITE] {"T":1,"L":0.0,"R":0.0}
[WRITE] {"T":1,"L":0.0,"R":0.0}
[WRITE] {"T":1,"L":0.0,"R":0.0}
[WRITE] {"T":1,"L":0.26,"R":-0.26}
[WRITE] {"T":1,"L":0.26,"R":-0.26}
[WRITE] {"T":1,"L":0.26,"R":-0.26}
[WRITE] {"T":1,"L":0.26,"R":-0.26}
[WRITE] {"T":1,"L":0.26,"R":-0.26}
[WRITE] {"T":1,"L":0.26,"R":-0.26}
[WRITE] {"T":1,"L":0.26,"R":-0.26}
[WRITE] {"T":1,"L":0.26,"R":-0.26}
[WRITE] {"T":1,"L":0.26,"R":-0.26}
[WRITE] {"T":1,"L":0.26,"R":-0.26}
[WRITE] {"T":1,"L":0.26,"R":-0.26}
[WRITE] {"T":1,"L":0.26,"R":-0.26}
[WRITE] {"T":1,"L":0.26,"R":-0.26}
[WRITE] {"T":1,"L":0.26,"R":-0.26}
[WRITE] {"T":1,"L":0.26,"R":-0.26}
[WRITE] {"T":1,"L":0.26,"R":-0.26}
[WRITE] {"T":1,"L":0.26,"R":-0.26}
[WRITE] {"T":1,"L":0.0,"R":0.0}
[WRITE] {"T":1,"L":-0.26,"R":0.26}
[WRITE] {"T":1,"L":-0.26,"R":0.26}
[WRITE] {"T":1,"L":-0.26,"R":0.26}
[WRITE] {"T":1,"L":-0.26,"R":0.26}
[WRITE] {"T":1,"L":-0.26,"R":0.26}
[WRITE] {"T":1,"L":-0.26,"R":0.26}
[WRITE] {"T":1,"L":-0.26,"R":0.26}
[WRITE] {"T":1,"L":-0.26,"R":0.26}
[WRITE] {"T":1,"L":-0.26,"R":0.26}
[WRITE] {"T":1,"L":-0.26,"R":0.26}
[WRITE] {"T":1,"L":-0.26,"R":0.26}
[WRITE] {"T":1,"L":-0.26,"R":0.26}
[WRITE] {"T":1,"L":-0.26,"R":0.26}
[WRITE] {"T":1,"L":-0.26,"R":0.26}
[WRITE] {"T":1,"L":-0.26,"R":0.26}
[WRITE] {"T":1,"L":-0.26,"R":0.26}
[WRITE] {"T":1,"L":-0.26,"R":0.26}
[WRITE] {"T":1,"L":-0.26,"R":0.26}
[WRITE] {"T":1,"L":-0.26,"R":0.26}
[WRITE] {"T":1,"L":-0.26,"R":0.26}
[WRITE] {"T":1,"L":-0.26,"R":0.26}
[WRITE] {"T":1,"L":-0.26,"R":0.26}
[WRITE] {"T":1,"L":-0.26,"R":0.26}
[WRITE] {"T":1,"L":-0.26,"R":0.26}
[WRITE] {"T":1,"L":-0.26,"R":0.26}
[WRITE] {"T":1,"L":0.0,"R":0.0}
[WRITE] {"T":1,"L":-0.26,"R":0.26}
[WRITE] {"T":1,"L":-0.26,"R":0.26}
[WRITE] {"T":1,"L":-0.26,"R":0.26}
[WRITE] {"T":1,"L":-0.26,"R":0.26}
[WRITE] {"T":1,"L":-0.26,"R":0.26}
[WRITE] {"T":1,"L":-0.26,"R":0.26}
[WRITE] {"T":1,"L":-0.26,"R":0.26}
[WRITE] {"T":1,"L":-0.26,"R":0.26}
[WRITE] {"T":1,"L":-0.26,"R":0.26}
[WRITE] {"T":1,"L":-0.26,"R":0.26}
[WRITE] {"T":1,"L":-0.26,"R":0.26}
[WRITE] {"T":1,"L":-0.26,"R":0.26}
[WRITE] {"T":1,"L":-0.26,"R":0.26}
[WRITE] {"T":1,"L":-0.26,"R":0.26}
[WRITE] {"T":1,"L":-0.26,"R":0.26}
[WRITE] {"T":1,"L":-0.26,"R":0.26}
[WRITE] {"T":1,"L":-0.26,"R":0.26}
[WRITE] {"T":1,"L":-0.26,"R":0.26}
[WRITE] {"T":1,"L":-0.26,"R":0.26}
[WRITE] {"T":1,"L":0.0,"R":0.0}
[WRITE] {"T":1,"L":0.0,"R":0.0}
[WRITE] {"T":1,"L":0.0,"R":0.0}
[WRITE] {"T":1,"L":0.0,"R":0.0}
[WRITE] {"T":1,"L":0.0,"R":0.0}
[WRITE] {"T":1,"L":0.0,"R":0.0}
[WRITE] {"T":1,"L":0.0,"R":0.0}
[WRITE] {"T":1,"L":0.0,"R":0.0}
[WRITE] {"T":1,"L":0.0,"R":0.0}
[WRITE] {"T":1,"L":0.0,"R":0.0}
[WRITE] {"T":1,"L":-0.26,"R":0.26}
[WRITE] {"T":1,"L":-0.26,"R":0.26}
[WRITE] {"T":1,"L":-0.26,"R":0.26}
[WRITE] {"T":1,"L":-0.26,"R":0.26}
[WRITE] {"T":1,"L":-0.26,"R":0.26}
[WRITE] {"T":1,"L":-0.26,"R":0.26}
[WRITE] {"T":1,"L":0.0,"R":0.0}
[WRITE] {"T":1,"L":0.26,"R":-0.26}
[WRITE] {"T":1,"L":0.26,"R":-0.26}
[WRITE] {"T":1,"L":0.26,"R":-0.26}
[WRITE] {"T":1,"L":0.26,"R":-0.26}
[WRITE] {"T":1,"L":0.0,"R":0.0}
[WRITE] {"T":1,"L":0.18,"R":0.18}
[WRITE] {"T":1,"L":0.18,"R":0.18}
[WRITE] {"T":1,"L":0.18,"R":0.18}
[WRITE] {"T":1,"L":0.18,"R":0.18}
[WRITE] {"T":1,"L":0.18,"R":0.18}
[WRITE] {"T":1,"L":0.18,"R":0.18}
[WRITE] {"T":1,"L":0.18,"R":0.18}
[WRITE] {"T":1,"L":0.0,"R":0.0}
[WRITE] {"T":1,"L":0.18,"R":0.18}
[WRITE] {"T":1,"L":0.18,"R":0.18}
[WRITE] {"T":1,"L":0.18,"R":0.18}
[WRITE] {"T":1,"L":0.18,"R":0.18}
[WRITE] {"T":1,"L":0.0,"R":0.0}
[WRITE] {"T":1,"L":-0.18,"R":-0.18}
[WRITE] {"T":1,"L":-0.18,"R":-0.18}
[WRITE] {"T":1,"L":-0.18,"R":-0.18}
[WRITE] {"T":1,"L":-0.18,"R":-0.18}
[WRITE] {"T":1,"L":0.0,"R":0.0}
[WRITE] {"T":1,"L":0.26,"R":-0.26}
[WRITE] {"T":1,"L":0.26,"R":-0.26}
[WRITE] {"T":1,"L":0.26,"R":-0.26}
[WRITE] {"T":1,"L":0.26,"R":-0.26}
[WRITE] {"T":1,"L":0.26,"R":-0.26}
[WRITE] {"T":1,"L":0.26,"R":-0.26}
[WRITE] {"T":1,"L":0.26,"R":-0.26}
[WRITE] {"T":1,"L":0.26,"R":-0.26}
[WRITE] {"T":1,"L":0.26,"R":-0.26}
[WRITE] {"T":1,"L":0.26,"R":-0.26}
[WRITE] {"T":1,"L":0.26,"R":-0.26}
[WRITE] {"T":1,"L":0.26,"R":-0.26}
[WRITE] {"T":1,"L":0.0,"R":0.0}
[WRITE] {"T":1,"L":-0.26,"R":0.26}
[WRITE] {"T":1,"L":-0.26,"R":0.26}
[WRITE] {"T":1,"L":-0.26,"R":0.26}
[WRITE] {"T":1,"L":-0.26,"R":0.26}
[WRITE] {"T":1,"L":-0.26,"R":0.26}
[WRITE] {"T":1,"L":-0.26,"R":0.26}
[WRITE] {"T":1,"L":-0.26,"R":0.26}
[WRITE] {"T":1,"L":0.0,"R":0.0}
[WRITE] {"T":1,"L":0.26,"R":-0.26}
[WRITE] {"T":1,"L":0.26,"R":-0.26}
[WRITE] {"T":1,"L":0.26,"R":-0.26}
[WRITE] {"T":1,"L":0.26,"R":-0.26}
[WRITE] {"T":1,"L":0.0,"R":0.0}
[WRITE] {"T":1,"L":0.26,"R":-0.26}
[WRITE] {"T":1,"L":0.26,"R":-0.26}
[WRITE] {"T":1,"L":0.26,"R":-0.26}
[WRITE] {"T":1,"L":0.0,"R":0.0}
[WRITE] {"T":1,"L":0.26,"R":-0.26}
[WRITE] {"T":1,"L":0.26,"R":-0.26}
[WRITE] {"T":1,"L":0.26,"R":-0.26}
[WRITE] {"T":1,"L":0.26,"R":-0.26}
[WRITE] {"T":1,"L":0.26,"R":-0.26}
[WRITE] {"T":1,"L":0.26,"R":-0.26}
[WRITE] {"T":1,"L":0.0,"R":0.0}
[WRITE] {"T":1,"L":-0.26,"R":0.26}
[WRITE] {"T":1,"L":-0.26,"R":0.26}
[WRITE] {"T":1,"L":-0.26,"R":0.26}
[WRITE] {"T":1,"L":-0.26,"R":0.26}
[WRITE] {"T":1,"L":0.0,"R":0.0}
[WRITE] {"T":1,"L":0.26,"R":-0.26}
[WRITE] {"T":1,"L":0.26,"R":-0.26}
[WRITE] {"T":1,"L":0.26,"R":-0.26}
[WRITE] {"T":1,"L":0.0,"R":0.0}
[WRITE] {"T":1,"L":-0.26,"R":0.26}
[WRITE] {"T":1,"L":-0.26,"R":0.26}
[WRITE] {"T":1,"L":-0.26,"R":0.26}[INFO] NeXa mobile base drive mode starting.
[INFO] Selected port: /dev/serial/by-id/usb-1a86_USB_Single_Serial_5A36029146-if00
[INFO] Mode: hardware
[INFO] Movement enabled flag: True
[INFO] Command profile: wheel
[OK] Open this on the Raspberry Pi: http://127.0.0.1:8768/
[WRITE] {"T":1,"L":-0.18,"R":-0.18}
[WRITE] {"T":1,"L":-0.18,"R":-0.18}
[WRITE] {"T":1,"L":-0.18,"R":-0.18}
[WRITE] {"T":1,"L":-0.18,"R":-0.18}
[WRITE] {"T":1,"L":-0.18,"R":-0.18}
[WRITE] {"T":1,"L":-0.18,"R":-0.18}
[WRITE] {"T":1,"L":-0.18,"R":-0.18}
[WRITE] {"T":1,"L":-0.18,"R":-0.18}
[WRITE] {"T":1,"L":-0.18,"R":-0.18}
[WRITE] {"T":1,"L":-0.18,"R":-0.18}
[WRITE] {"T":1,"L":-0.18,"R":-0.18}
[WRITE] {"T":1,"L":-0.18,"R":-0.18}
[WRITE] {"T":1,"L":-0.18,"R":-0.18}
[WRITE] {"T":1,"L":-0.18,"R":-0.18}
[WRITE] {"T":1,"L":-0.18,"R":-0.18}
[WRITE] {"T":1,"L":-0.18,"R":-0.18}
[WRITE] {"T":1,"L":-0.18,"R":-0.18}
[WRITE] {"T":1,"L":-0.18,"R":-0.18}
[WRITE] {"T":1,"L":-0.18,"R":-0.18}
[WRITE] {"T":1,"L":-0.18,"R":-0.18}
[WRITE] {"T":1,"L":-0.18,"R":-0.18}
[WRITE] {"T":1,"L":-0.18,"R":-0.18}
[WRITE] {"T":1,"L":-0.18,"R":-0.18}
[WRITE] {"T":1,"L":-0.18,"R":-0.18}
[WRITE] {"T":1,"L":-0.18,"R":-0.18}
[WRITE] {"T":1,"L":-0.18,"R":-0.18}
[WRITE] {"T":1,"L":-0.18,"R":-0.18}
[WRITE] {"T":1,"L":-0.18,"R":-0.18}
[WRITE] {"T":1,"L":-0.18,"R":-0.18}
[WRITE] {"T":1,"L":-0.18,"R":-0.18}
[WRITE] {"T":1,"L":-0.18,"R":-0.18}
[WRITE] {"T":1,"L":0.0,"R":0.0}
[WRITE] {"T":1,"L":-0.18,"R":-0.18}
[WRITE] {"T":1,"L":-0.18,"R":-0.18}
[WRITE] {"T":1,"L":-0.18,"R":-0.18}
[WRITE] {"T":1,"L":-0.18,"R":-0.18}
[WRITE] {"T":1,"L":-0.18,"R":-0.18}
[WRITE] {"T":1,"L":-0.18,"R":-0.18}
[WRITE] {"T":1,"L":-0.18,"R":-0.18}
[WRITE] {"T":1,"L":0.0,"R":0.0}
[WRITE] {"T":1,"L":-0.18,"R":-0.18}
[WRITE] {"T":1,"L":-0.18,"R":-0.18}
[WRITE] {"T":1,"L":-0.18,"R":-0.18}
[WRITE] {"T":1,"L":-0.18,"R":-0.18}
[WRITE] {"T":1,"L":-0.18,"R":-0.18}
[WRITE] {"T":1,"L":0.0,"R":0.0}
[WRITE] {"T":1,"L":-0.18,"R":-0.18}
[WRITE] {"T":1,"L":-0.18,"R":-0.18}
[WRITE] {"T":1,"L":0.0,"R":0.0}
[WRITE] {"T":1,"L":-0.18,"R":-0.18}
[WRITE] {"T":1,"L":-0.18,"R":-0.18}
[WRITE] {"T":1,"L":-0.18,"R":-0.18}
[WRITE] {"T":1,"L":0.0,"R":0.0}
[WRITE] {"T":1,"L":-0.18,"R":-0.18}
[WRITE] {"T":1,"L":-0.18,"R":-0.18}
[WRITE] {"T":1,"L":0.0,"R":0.0}
[WRITE] {"T":1,"L":-0.18,"R":-0.18}
[WRITE] {"T":1,"L":-0.18,"R":-0.18}
[WRITE] {"T":1,"L":-0.18,"R":-0.18}
[WRITE] {"T":1,"L":0.0,"R":0.0}
[WRITE] {"T":1,"L":-0.18,"R":-0.18}
[WRITE] {"T":1,"L":-0.18,"R":-0.18}
[WRITE] {"T":1,"L":0.0,"R":0.0}
[WRITE] {"T":1,"L":-0.18,"R":-0.18}
[WRITE] {"T":1,"L":-0.18,"R":-0.18}
[WRITE] {"T":1,"L":-0.18,"R":-0.18}
[WRITE] {"T":1,"L":0.0,"R":0.0}
[WRITE] {"T":1,"L":-0.18,"R":-0.18}
[WRITE] {"T":1,"L":-0.18,"R":-0.18}
[WRITE] {"T":1,"L":-0.18,"R":-0.18}
[WRITE] {"T":1,"L":-0.18,"R":-0.18}
[WRITE] {"T":1,"L":-0.18,"R":-0.18}
[WRITE] {"T":1,"L":-0.18,"R":-0.18}
[WRITE] {"T":1,"L":0.0,"R":0.0}
[WRITE] {"T":1,"L":0.26,"R":-0.26}
[WRITE] {"T":1,"L":0.26,"R":-0.26}
[WRITE] {"T":1,"L":0.26,"R":-0.26}
[WRITE] {"T":1,"L":0.26,"R":-0.26}
[WRITE] {"T":1,"L":0.26,"R":-0.26}
[WRITE] {"T":1,"L":0.26,"R":-0.26}
[WRITE] {"T":1,"L":0.0,"R":0.0}
[WRITE] {"T":1,"L":-0.26,"R":0.26}
[WRITE] {"T":1,"L":-0.26,"R":0.26}
[WRITE] {"T":1,"L":-0.26,"R":0.26}
[WRITE] {"T":1,"L":-0.26,"R":0.26}
[WRITE] {"T":1,"L":-0.26,"R":0.26}
[WRITE] {"T":1,"L":-0.26,"R":0.26}
[WRITE] {"T":1,"L":-0.26,"R":0.26}
[WRITE] {"T":1,"L":-0.26,"R":0.26}
[WRITE] {"T":1,"L":-0.26,"R":0.26}
[WRITE] {"T":1,"L":-0.26,"R":0.26}
[WRITE] {"T":1,"L":-0.26,"R":0.26}
[WRITE] {"T":1,"L":-0.26,"R":0.26}
[WRITE] {"T":1,"L":-0.26,"R":0.26}
[WRITE] {"T":1,"L":-0.26,"R":0.26}
[WRITE] {"T":1,"L":0.0,"R":0.0}
[WRITE] {"T":1,"L":0.26,"R":-0.26}
[WRITE] {"T":1,"L":0.26,"R":-0.26}
[WRITE] {"T":1,"L":0.26,"R":-0.26}
[WRITE] {"T":1,"L":0.26,"R":-0.26}
[WRITE] {"T":1,"L":0.26,"R":-0.26}
[WRITE] {"T":1,"L":0.26,"R":-0.26}
[WRITE] {"T":1,"L":0.26,"R":-0.26}
[WRITE] {"T":1,"L":0.26,"R":-0.26}
[WRITE] {"T":1,"L":0.26,"R":-0.26}
[WRITE] {"T":1,"L":0.26,"R":-0.26}
[WRITE] {"T":1,"L":0.26,"R":-0.26}
[WRITE] {"T":1,"L":0.26,"R":-0.26}
[WRITE] {"T":1,"L":0.26,"R":-0.26}
[WRITE] {"T":1,"L":0.26,"R":-0.26}
[WRITE] {"T":1,"L":0.26,"R":-0.26}
[WRITE] {"T":1,"L":0.0,"R":0.0}
[WRITE] {"T":1,"L":0.26,"R":-0.26}
[WRITE] {"T":1,"L":0.26,"R":-0.26}
[WRITE] {"T":1,"L":0.0,"R":0.0}
[WRITE] {"T":1,"L":0.26,"R":-0.26}
[WRITE] {"T":1,"L":0.26,"R":-0.26}
[WRITE] {"T":1,"L":0.26,"R":-0.26}
[WRITE] {"T":1,"L":0.26,"R":-0.26}
[WRITE] {"T":1,"L":0.26,"R":-0.26}
[WRITE] {"T":1,"L":0.0,"R":0.0}
[WRITE] {"T":1,"L":-0.18,"R":-0.18}
[WRITE] {"T":1,"L":-0.18,"R":-0.18}
[WRITE] {"T":1,"L":-0.18,"R":-0.18}
[WRITE] {"T":1,"L":-0.18,"R":-0.18}
[WRITE] {"T":1,"L":-0.18,"R":-0.18}
[WRITE] {"T":1,"L":-0.18,"R":-0.18}
[WRITE] {"T":1,"L":-0.18,"R":-0.18}
[WRITE] {"T":1,"L":-0.18,"R":-0.18}
[WRITE] {"T":1,"L":-0.18,"R":-0.18}
[WRITE] {"T":1,"L":0.0,"R":0.0}
[WRITE] {"T":1,"L":-0.18,"R":-0.18}
[WRITE] {"T":1,"L":-0.18,"R":-0.18}
[WRITE] {"T":1,"L":-0.18,"R":-0.18}
[WRITE] {"T":1,"L":-0.18,"R":-0.18}
[WRITE] {"T":1,"L":-0.18,"R":-0.18}
[WRITE] {"T":1,"L":-0.18,"R":-0.18}
[WRITE] {"T":1,"L":-0.18,"R":-0.18}
[WRITE] {"T":1,"L":-0.18,"R":-0.18}
[WRITE] {"T":1,"L":-0.18,"R":-0.18}
[WRITE] {"T":1,"L":-0.18,"R":-0.18}
[WRITE] {"T":1,"L":-0.18,"R":-0.18}
[WRITE] {"T":1,"L":-0.18,"R":-0.18}
[WRITE] {"T":1,"L":-0.18,"R":-0.18}
[WRITE] {"T":1,"L":-0.18,"R":-0.18}
[WRITE] {"T":1,"L":-0.18,"R":-0.18}
[WRITE] {"T":1,"L":-0.18,"R":-0.18}
[WRITE] {"T":1,"L":-0.18,"R":-0.18}
[WRITE] {"T":1,"L":-0.18,"R":-0.18}
[WRITE] {"T":1,"L":-0.18,"R":-0.18}
[WRITE] {"T":1,"L":-0.18,"R":-0.18}
[WRITE] {"T":1,"L":-0.18,"R":-0.18}
[WRITE] {"T":1,"L":-0.18,"R":-0.18}
[WRITE] {"T":1,"L":-0.18,"R":-0.18}
[WRITE] {"T":1,"L":-0.18,"R":-0.18}
[WRITE] {"T":1,"L":-0.18,"R":-0.18}
[WRITE] {"T":1,"L":-0.18,"R":-0.18}
[WRITE] {"T":1,"L":-0.18,"R":-0.18}
[WRITE] {"T":1,"L":-0.18,"R":-0.18}
[WRITE] {"T":1,"L":-0.18,"R":-0.18}
[WRITE] {"T":1,"L":-0.18,"R":-0.18}
[WRITE] {"T":1,"L":-0.18,"R":-0.18}
[WRITE] {"T":1,"L":-0.18,"R":-0.18}
[WRITE] {"T":1,"L":-0.18,"R":-0.18}
[WRITE] {"T":1,"L":-0.18,"R":-0.18}
[WRITE] {"T":1,"L":-0.18,"R":-0.18}
[WRITE] {"T":1,"L":-0.18,"R":-0.18}
[WRITE] {"T":1,"L":-0.18,"R":-0.18}
[WRITE] {"T":1,"L":-0.18,"R":-0.18}
[WRITE] {"T":1,"L":-0.18,"R":-0.18}
[WRITE] {"T":1,"L":-0.18,"R":-0.18}
[WRITE] {"T":1,"L":-0.18,"R":-0.18}
[WRITE] {"T":1,"L":-0.18,"R":-0.18}
[WRITE] {"T":1,"L":-0.18,"R":-0.18}
[WRITE] {"T":1,"L":-0.18,"R":-0.18}
[WRITE] {"T":1,"L":-0.18,"R":-0.18}
[WRITE] {"T":1,"L":-0.18,"R":-0.18}
[WRITE] {"T":1,"L":-0.18,"R":-0.18}
[WRITE] {"T":1,"L":0.0,"R":0.0}
[WRITE] {"T":1,"L":-0.18,"R":-0.18}
[WRITE] {"T":1,"L":-0.18,"R":-0.18}
[WRITE] {"T":1,"L":-0.18,"R":-0.18}
[WRITE] {"T":1,"L":-0.18,"R":-0.18}
[WRITE] {"T":1,"L":-0.18,"R":-0.18}
[WRITE] {"T":1,"L":0.0,"R":0.0}
[WRITE] {"T":1,"L":0.18,"R":0.18}
[WRITE] {"T":1,"L":0.18,"R":0.18}
[WRITE] {"T":1,"L":0.18,"R":0.18}
[WRITE] {"T":1,"L":0.18,"R":0.18}
[WRITE] {"T":1,"L":0.18,"R":0.18}
[WRITE] {"T":1,"L":0.18,"R":0.18}
[WRITE] {"T":1,"L":0.18,"R":0.18}
[WRITE] {"T":1,"L":0.18,"R":0.18}
[WRITE] {"T":1,"L":0.18,"R":0.18}
[WRITE] {"T":1,"L":0.18,"R":0.18}
[WRITE] {"T":1,"L":0.18,"R":0.18}
[WRITE] {"T":1,"L":0.18,"R":0.18}
[WRITE] {"T":1,"L":0.18,"R":0.18}
[WRITE] {"T":1,"L":0.18,"R":0.18}
[WRITE] {"T":1,"L":0.18,"R":0.18}
[WRITE] {"T":1,"L":0.18,"R":0.18}
[WRITE] {"T":1,"L":0.18,"R":0.18}
[WRITE] {"T":1,"L":0.18,"R":0.18}
[WRITE] {"T":1,"L":0.18,"R":0.18}
[WRITE] {"T":1,"L":0.18,"R":0.18}
[WRITE] {"T":1,"L":0.18,"R":0.18}
[WRITE] {"T":1,"L":0.18,"R":0.18}
[WRITE] {"T":1,"L":0.18,"R":0.18}
[WRITE] {"T":1,"L":0.18,"R":0.18}
[WRITE] {"T":1,"L":0.18,"R":0.18}
[WRITE] {"T":1,"L":0.18,"R":0.18}
[WRITE] {"T":1,"L":0.18,"R":0.18}
[WRITE] {"T":1,"L":0.18,"R":0.18}
[WRITE] {"T":1,"L":0.18,"R":0.18}
[WRITE] {"T":1,"L":0.18,"R":0.18}
[WRITE] {"T":1,"L":0.18,"R":0.18}
[WRITE] {"T":1,"L":0.18,"R":0.18}
[WRITE] {"T":1,"L":0.18,"R":0.18}
[WRITE] {"T":1,"L":0.18,"R":0.18}
[WRITE] {"T":1,"L":0.18,"R":0.18}
[WRITE] {"T":1,"L":0.18,"R":0.18}
[WRITE] {"T":1,"L":0.18,"R":0.18}
[WRITE] {"T":1,"L":0.18,"R":0.18}
[WRITE] {"T":1,"L":0.18,"R":0.18}
[WRITE] {"T":1,"L":0.18,"R":0.18}
[WRITE] {"T":1,"L":0.18,"R":0.18}Traceback (most recent call last):
  File "/home/devdul/Projects/smart-desk-ai-assistant/scripts/mobile_base_drive_mode.py", line 73, in <module>
    if __name__=="__main__": raise SystemExit(main(sys.argv[1:]))
                                              ~~~~^^^^^^^^^^^^^^
  File "/home/devdul/Projects/smart-desk-ai-assistant/scripts/mobile_base_drive_mode.py", line 72, in main
    args=parser().parse_args(argv); return selftest(args) if args.self_test else server(args)
                                                                                 ~~~~~~^^^^^^
  File "/home/devdul/Projects/smart-desk-ai-assistant/scripts/mobile_base_drive_mode.py", line 62, in server
    service, selected, dry=make(args); service.controller.open(); Handler.service=service; Handler.selected_port=selected; Handler.dry_run=dry; Handler.movement_enabled=bool(args.enable_movement); Handler.linear_speed_mps=args.linear_speed_mps; Handler.angular_speed_rad_s=args.angular_speed_rad_s; Handler.command_profile=args.command_profile; Handler.wheel_turn_speed_mps=args.wheel_turn_speed_mps; stop=threading.Event()
                           ~~~~^^^^^^
  File "/home/devdul/Projects/smart-desk-ai-assistant/scripts/mobile_base_drive_mode.py", line 50, in make
    if os.environ.get(HARDWARE_TEST_ENV)!=HARDWARE_TEST_VALUE: raise RuntimeError(f"Hardware gate is closed. Set {HARDWARE_TEST_ENV}={HARDWARE_TEST_VALUE}.")
                                                               ^^^^^^^^^^^^^^^^^^^^^^^^^^^^^^^^^^^^^^^^^^^^^^^^^^^^^^^^^^^^^^^^^^^^^^^^^^^^^^^^^^^^^^^^^^^^^^
RuntimeError: Hardware gate is closed. Set CONFIRM_NEXA_MOBILE_BASE_TEST=RUN.
[INFO] NeXa mobile base drive mode starting.
[INFO] Selected port: /dev/serial/by-id/usb-1a86_USB_Single_Serial_5A36029146-if00
[INFO] Mode: hardware
[INFO] Movement enabled flag: True
[INFO] Command profile: wheel
[OK] Open this on the Raspberry Pi: http://127.0.0.1:8768/
[WRITE] {"T":1,"L":0.18,"R":0.18}
[WRITE] {"T":1,"L":0.18,"R":0.18}
[WRITE] {"T":1,"L":0.0,"R":0.0}
[WRITE] {"T":1,"L":0.18,"R":0.18}
[WRITE] {"T":1,"L":0.18,"R":0.18}
[WRITE] {"T":1,"L":0.18,"R":0.18}
[WRITE] {"T":1,"L":0.18,"R":0.18}
[WRITE] {"T":1,"L":0.18,"R":0.18}
[WRITE] {"T":1,"L":0.18,"R":0.18}
[WRITE] {"T":1,"L":0.18,"R":0.18}
[WRITE] {"T":1,"L":0.18,"R":0.18}
[WRITE] {"T":1,"L":0.18,"R":0.18}
[WRITE] {"T":1,"L":0.0,"R":0.0}
[WRITE] {"T":1,"L":0.0,"R":0.0}
[WRITE] {"T":1,"L":0.0,"R":0.0}
[WRITE] {"T":1,"L":0.0,"R":0.0}
[WRITE] {"T":1,"L":-0.18,"R":-0.18}
[WRITE] {"T":1,"L":-0.18,"R":-0.18}
[WRITE] {"T":1,"L":-0.18,"R":-0.18}
[WRITE] {"T":1,"L":0.0,"R":0.0}
[WRITE] {"T":1,"L":-0.18,"R":-0.18}
[WRITE] {"T":1,"L":-0.18,"R":-0.18}
[WRITE] {"T":1,"L":0.0,"R":0.0}
[WRITE] {"T":1,"L":-0.18,"R":-0.18}
[WRITE] {"T":1,"L":-0.18,"R":-0.18}
[WRITE] {"T":1,"L":0.0,"R":0.0}
[WRITE] {"T":1,"L":-0.18,"R":-0.18}
[WRITE] {"T":1,"L":-0.18,"R":-0.18}
[WRITE] {"T":1,"L":-0.18,"R":-0.18}
[WRITE] {"T":1,"L":-0.18,"R":-0.18}
[WRITE] {"T":1,"L":-0.18,"R":-0.18}
[WRITE] {"T":1,"L":0.0,"R":0.0}
[WRITE] {"T":1,"L":-0.18,"R":-0.18}
[WRITE] {"T":1,"L":-0.18,"R":-0.18}
[WRITE] {"T":1,"L":-0.18,"R":-0.18}
[WRITE] {"T":1,"L":-0.18,"R":-0.18}
[WRITE] {"T":1,"L":0.0,"R":0.0}
[WRITE] {"T":1,"L":-0.18,"R":-0.18}
[WRITE] {"T":1,"L":-0.18,"R":-0.18}
[WRITE] {"T":1,"L":0.0,"R":0.0}
[WRITE] {"T":1,"L":-0.18,"R":-0.18}
[WRITE] {"T":1,"L":0.0,"R":0.0}
[WRITE] {"T":1,"L":0.18,"R":0.18}
[WRITE] {"T":1,"L":0.18,"R":0.18}
[WRITE] {"T":1,"L":0.18,"R":0.18}
[WRITE] {"T":1,"L":0.18,"R":0.18}
[WRITE] {"T":1,"L":0.18,"R":0.18}
[WRITE] {"T":1,"L":0.0,"R":0.0}
[WRITE] {"T":1,"L":0.18,"R":0.18}
[WRITE] {"T":1,"L":0.18,"R":0.18}
[WRITE] {"T":1,"L":0.18,"R":0.18}
[WRITE] {"T":1,"L":0.0,"R":0.0}
[WRITE] {"T":1,"L":0.18,"R":0.18}
[WRITE] {"T":1,"L":0.18,"R":0.18}
[WRITE] {"T":1,"L":0.18,"R":0.18}
[WRITE] {"T":1,"L":0.18,"R":0.18}
[WRITE] {"T":1,"L":0.18,"R":0.18}
[WRITE] {"T":1,"L":0.18,"R":0.18}
[WRITE] {"T":1,"L":0.0,"R":0.0}
[WRITE] {"T":1,"L":0.26,"R":-0.26}
[WRITE] {"T":1,"L":0.26,"R":-0.26}
[WRITE] {"T":1,"L":0.26,"R":-0.26}
[WRITE] {"T":1,"L":0.26,"R":-0.26}
[WRITE] {"T":1,"L":0.26,"R":-0.26}
[WRITE] {"T":1,"L":0.26,"R":-0.26}
[WRITE] {"T":1,"L":0.26,"R":-0.26}
[WRITE] {"T":1,"L":0.26,"R":-0.26}
[WRITE] {"T":1,"L":0.26,"R":-0.26}
[WRITE] {"T":1,"L":0.26,"R":-0.26}
[WRITE] {"T":1,"L":0.26,"R":-0.26}
[WRITE] {"T":1,"L":0.26,"R":-0.26}
[WRITE] {"T":1,"L":0.26,"R":-0.26}
[WRITE] {"T":1,"L":0.26,"R":-0.26}
[WRITE] {"T":1,"L":0.26,"R":-0.26}
[WRITE] {"T":1,"L":0.26,"R":-0.26}
[WRITE] {"T":1,"L":0.26,"R":-0.26}
[WRITE] {"T":1,"L":0.26,"R":-0.26}
[WRITE] {"T":1,"L":0.26,"R":-0.26}
[WRITE] {"T":1,"L":0.26,"R":-0.26}
[WRITE] {"T":1,"L":0.26,"R":-0.26}
[WRITE] {"T":1,"L":0.26,"R":-0.26}
[WRITE] {"T":1,"L":0.0,"R":0.0}
[WRITE] {"T":1,"L":0.26,"R":-0.26}
[WRITE] {"T":1,"L":0.26,"R":-0.26}
[WRITE] {"T":1,"L":0.26,"R":-0.26}
[WRITE] {"T":1,"L":0.26,"R":-0.26}
[WRITE] {"T":1,"L":0.26,"R":-0.26}
[WRITE] {"T":1,"L":0.26,"R":-0.26}
[WRITE] {"T":1,"L":0.0,"R":0.0}
[WRITE] {"T":1,"L":0.26,"R":-0.26}
[WRITE] {"T":1,"L":0.26,"R":-0.26}
[WRITE] {"T":1,"L":0.26,"R":-0.26}
[WRITE] {"T":1,"L":0.26,"R":-0.26}
[WRITE] {"T":1,"L":0.26,"R":-0.26}
[WRITE] {"T":1,"L":0.26,"R":-0.26}
[WRITE] {"T":1,"L":0.26,"R":-0.26}
[WRITE] {"T":1,"L":0.26,"R":-0.26}
[WRITE] {"T":1,"L":0.26,"R":-0.26}
[WRITE] {"T":1,"L":0.26,"R":-0.26}
[WRITE] {"T":1,"L":0.26,"R":-0.26}
[WRITE] {"T":1,"L":0.26,"R":-0.26}
[WRITE] {"T":1,"L":0.26,"R":-0.26}
[WRITE] {"T":1,"L":0.26,"R":-0.26}
[WRITE] {"T":1,"L":0.26,"R":-0.26}
[WRITE] {"T":1,"L":0.26,"R":-0.26}
[WRITE] {"T":1,"L":0.26,"R":-0.26}
[WRITE] {"T":1,"L":0.26,"R":-0.26}
[WRITE] {"T":1,"L":0.26,"R":-0.26}
[WRITE] {"T":1,"L":0.26,"R":-0.26}
[WRITE] {"T":1,"L":0.26,"R":-0.26}
[WRITE] {"T":1,"L":0.26,"R":-0.26}
[WRITE] {"T":1,"L":0.26,"R":-0.26}
[WRITE] {"T":1,"L":0.26,"R":-0.26}
[WRITE] {"T":1,"L":0.26,"R":-0.26}
[WRITE] {"T":1,"L":0.26,"R":-0.26}
[WRITE] {"T":1,"L":0.0,"R":0.0}
[WRITE] {"T":1,"L":0.26,"R":-0.26}
[WRITE] {"T":1,"L":0.26,"R":-0.26}
[WRITE] {"T":1,"L":0.26,"R":-0.26}
[WRITE] {"T":1,"L":0.26,"R":-0.26}
[WRITE] {"T":1,"L":0.26,"R":-0.26}
[WRITE] {"T":1,"L":0.0,"R":0.0}
[WRITE] {"T":1,"L":0.26,"R":-0.26}
[WRITE] {"T":1,"L":0.26,"R":-0.26}
[WRITE] {"T":1,"L":0.26,"R":-0.26}
[WRITE] {"T":1,"L":0.26,"R":-0.26}
[WRITE] {"T":1,"L":0.26,"R":-0.26}
[WRITE] {"T":1,"L":0.0,"R":0.0}
[WRITE] {"T":1,"L":0.26,"R":-0.26}
[WRITE] {"T":1,"L":0.26,"R":-0.26}
[WRITE] {"T":1,"L":0.26,"R":-0.26}
[WRITE] {"T":1,"L":0.26,"R":-0.26}
[WRITE] {"T":1,"L":0.26,"R":-0.26}
[WRITE] {"T":1,"L":0.0,"R":0.0}
[WRITE] {"T":1,"L":0.26,"R":-0.26}
[WRITE] {"T":1,"L":0.26,"R":-0.26}
[WRITE] {"T":1,"L":0.26,"R":-0.26}
[WRITE] {"T":1,"L":0.0,"R":0.0}
[WRITE] {"T":1,"L":-0.26,"R":0.26}
[WRITE] {"T":1,"L":-0.26,"R":0.26}
[WRITE] {"T":1,"L":-0.26,"R":0.26}
[WRITE] {"T":1,"L":-0.26,"R":0.26}
[WRITE] {"T":1,"L":-0.26,"R":0.26}
[WRITE] {"T":1,"L":-0.26,"R":0.26}
[WRITE] {"T":1,"L":-0.26,"R":0.26}
[WRITE] {"T":1,"L":-0.26,"R":0.26}
[WRITE] {"T":1,"L":-0.26,"R":0.26}
[WRITE] {"T":1,"L":-0.26,"R":0.26}
[WRITE] {"T":1,"L":-0.26,"R":0.26}
[WRITE] {"T":1,"L":-0.26,"R":0.26}
[WRITE] {"T":1,"L":-0.26,"R":0.26}
[WRITE] {"T":1,"L":-0.26,"R":0.26}
[WRITE] {"T":1,"L":-0.26,"R":0.26}
[WRITE] {"T":1,"L":-0.26,"R":0.26}
[WRITE] {"T":1,"L":0.0,"R":0.0}
[WRITE] {"T":1,"L":0.26,"R":-0.26}
[WRITE] {"T":1,"L":0.26,"R":-0.26}
[WRITE] {"T":1,"L":0.26,"R":-0.26}
[WRITE] {"T":1,"L":0.26,"R":-0.26}
[WRITE] {"T":1,"L":0.26,"R":-0.26}
[WRITE] {"T":1,"L":0.26,"R":-0.26}
[WRITE] {"T":1,"L":0.26,"R":-0.26}
[WRITE] {"T":1,"L":0.26,"R":-0.26}
[WRITE] {"T":1,"L":0.26,"R":-0.26}
[WRITE] {"T":1,"L":0.26,"R":-0.26}
[WRITE] {"T":1,"L":0.0,"R":0.0}
[WRITE] {"T":1,"L":-0.26,"R":0.26}
[WRITE] {"T":1,"L":-0.26,"R":0.26}
[WRITE] {"T":1,"L":-0.26,"R":0.26}
[WRITE] {"T":1,"L":-0.26,"R":0.26}
[WRITE] {"T":1,"L":-0.26,"R":0.26}
[WRITE] {"T":1,"L":-0.26,"R":0.26}
[WRITE] {"T":1,"L":-0.26,"R":0.26}
[WRITE] {"T":1,"L":-0.26,"R":0.26}
[WRITE] {"T":1,"L":-0.26,"R":0.26}
[WRITE] {"T":1,"L":-0.26,"R":0.26}
[WRITE] {"T":1,"L":-0.26,"R":0.26}
[WRITE] {"T":1,"L":-0.26,"R":0.26}
[WRITE] {"T":1,"L":-0.26,"R":0.26}
[WRITE] {"T":1,"L":-0.26,"R":0.26}
[WRITE] {"T":1,"L":-0.26,"R":0.26}
[WRITE] {"T":1,"L":-0.26,"R":0.26}
[WRITE] {"T":1,"L":-0.26,"R":0.26}
[WRITE] {"T":1,"L":-0.26,"R":0.26}
[WRITE] {"T":1,"L":-0.26,"R":0.26}
[WRITE] {"T":1,"L":-0.26,"R":0.26}
[WRITE] {"T":1,"L":0.0,"R":0.0}
[WRITE] {"T":1,"L":0.0,"R":0.0}
[WRITE] {"T":1,"L":0.0,"R":0.0}
[WRITE] {"T":1,"L":0.0,"R":0.0}
[WRITE] {"T":1,"L":0.0,"R":0.0}
[WRITE] {"T":1,"L":0.0,"R":0.0}
[INFO] NeXa mobile base drive mode starting.
[INFO] Selected port: /dev/serial/by-id/usb-1a86_USB_Single_Serial_5A36029146-if00
[INFO] Mode: hardware
[INFO] Movement enabled flag: True
[INFO] Command profile: wheel
[OK] Open this on the Raspberry Pi: http://127.0.0.1:8768/
[INFO] NeXa mobile base drive mode starting.
[INFO] Selected port: /dev/serial/by-id/usb-1a86_USB_Single_Serial_5A36029146-if00
[INFO] Mode: hardware
[INFO] Movement enabled flag: True
[INFO] Command profile: wheel
[OK] Open this on the Raspberry Pi: http://127.0.0.1:8768/
[WRITE] {"T":1,"L":0.18,"R":0.18}
[WRITE] {"T":1,"L":0.18,"R":0.18}
[WRITE] {"T":1,"L":0.18,"R":0.18}
[WRITE] {"T":1,"L":0.18,"R":0.18}
[WRITE] {"T":1,"L":0.18,"R":0.18}
[WRITE] {"T":1,"L":0.0,"R":0.0}
[WRITE] {"T":1,"L":0.18,"R":0.18}
[WRITE] {"T":1,"L":0.18,"R":0.18}
[WRITE] {"T":1,"L":0.18,"R":0.18}
[WRITE] {"T":1,"L":0.18,"R":0.18}
[WRITE] {"T":1,"L":0.0,"R":0.0}
[WRITE] {"T":1,"L":0.18,"R":0.18}
[WRITE] {"T":1,"L":0.18,"R":0.18}
[WRITE] {"T":1,"L":0.081,"R":0.18}
[WRITE] {"T":1,"L":0.081,"R":0.18}
[WRITE] {"T":1,"L":0.18,"R":0.18}
[WRITE] {"T":1,"L":0.18,"R":0.18}
[WRITE] {"T":1,"L":0.18,"R":0.18}
[WRITE] {"T":1,"L":0.18,"R":0.18}
[WRITE] {"T":1,"L":0.0,"R":0.0}
[WRITE] {"T":1,"L":0.18,"R":0.18}
[WRITE] {"T":1,"L":-0.26,"R":0.26}
[WRITE] {"T":1,"L":-0.26,"R":0.26}
[WRITE] {"T":1,"L":0.0,"R":0.0}
[WRITE] {"T":1,"L":-0.26,"R":0.26}
[WRITE] {"T":1,"L":-0.18,"R":-0.18}
[WRITE] {"T":1,"L":-0.18,"R":-0.18}
[WRITE] {"T":1,"L":-0.18,"R":-0.18}
[WRITE] {"T":1,"L":-0.18,"R":-0.18}
[WRITE] {"T":1,"L":-0.18,"R":-0.18}
[WRITE] {"T":1,"L":-0.18,"R":-0.18}
[WRITE] {"T":1,"L":-0.18,"R":-0.18}
[WRITE] {"T":1,"L":-0.18,"R":-0.18}
[WRITE] {"T":1,"L":-0.18,"R":-0.18}
[WRITE] {"T":1,"L":0.0,"R":0.0}
[WRITE] {"T":1,"L":-0.18,"R":-0.18}
[WRITE] {"T":1,"L":-0.18,"R":-0.18}
[WRITE] {"T":1,"L":-0.18,"R":-0.18}
[WRITE] {"T":1,"L":-0.18,"R":-0.18}
[WRITE] {"T":1,"L":-0.18,"R":-0.18}
[WRITE] {"T":1,"L":-0.18,"R":-0.18}
[WRITE] {"T":1,"L":-0.18,"R":-0.18}
[WRITE] {"T":1,"L":-0.18,"R":-0.18}
[WRITE] {"T":1,"L":-0.18,"R":-0.18}
[WRITE] {"T":1,"L":0.0,"R":0.0}
[WRITE] {"T":1,"L":-0.26,"R":0.26}
[WRITE] {"T":1,"L":-0.26,"R":0.26}
[WRITE] {"T":1,"L":-0.26,"R":0.26}
[WRITE] {"T":1,"L":-0.26,"R":0.26}
[WRITE] {"T":1,"L":0.081,"R":0.18}
[WRITE] {"T":1,"L":0.081,"R":0.18}
[WRITE] {"T":1,"L":0.18,"R":0.18}
[WRITE] {"T":1,"L":0.18,"R":0.18}
[WRITE] {"T":1,"L":0.18,"R":0.18}
[WRITE] {"T":1,"L":0.0,"R":0.0}
[WRITE] {"T":1,"L":0.18,"R":0.18}
[WRITE] {"T":1,"L":0.18,"R":0.18}
[WRITE] {"T":1,"L":0.18,"R":0.18}
[WRITE] {"T":1,"L":0.18,"R":0.18}
[WRITE] {"T":1,"L":0.18,"R":0.18}
[WRITE] {"T":1,"L":0.18,"R":0.18}
[WRITE] {"T":1,"L":0.18,"R":0.18}
[WRITE] {"T":1,"L":0.0,"R":0.0}
[WRITE] {"T":1,"L":0.26,"R":-0.26}
[WRITE] {"T":1,"L":0.26,"R":-0.26}
[WRITE] {"T":1,"L":0.26,"R":-0.26}
[WRITE] {"T":1,"L":0.26,"R":-0.26}
[WRITE] {"T":1,"L":0.26,"R":-0.26}
[WRITE] {"T":1,"L":0.26,"R":-0.26}
[WRITE] {"T":1,"L":0.26,"R":-0.26}
[WRITE] {"T":1,"L":0.26,"R":-0.26}
[WRITE] {"T":1,"L":0.26,"R":-0.26}
[WRITE] {"T":1,"L":0.26,"R":-0.26}
[WRITE] {"T":1,"L":0.26,"R":-0.26}
[WRITE] {"T":1,"L":0.26,"R":-0.26}
[WRITE] {"T":1,"L":0.26,"R":-0.26}
[WRITE] {"T":1,"L":0.26,"R":-0.26}
[WRITE] {"T":1,"L":0.26,"R":-0.26}
[WRITE] {"T":1,"L":0.26,"R":-0.26}
[WRITE] {"T":1,"L":0.26,"R":-0.26}
[WRITE] {"T":1,"L":0.26,"R":-0.26}
[WRITE] {"T":1,"L":0.26,"R":-0.26}
[WRITE] {"T":1,"L":0.26,"R":-0.26}
[WRITE] {"T":1,"L":0.26,"R":-0.26}
[WRITE] {"T":1,"L":0.26,"R":-0.26}
[WRITE] {"T":1,"L":0.26,"R":-0.26}
[WRITE] {"T":1,"L":0.26,"R":-0.26}
[WRITE] {"T":1,"L":0.26,"R":-0.26}
[WRITE] {"T":1,"L":0.26,"R":-0.26}
[WRITE] {"T":1,"L":0.26,"R":-0.26}
[WRITE] {"T":1,"L":0.26,"R":-0.26}
[WRITE] {"T":1,"L":0.26,"R":-0.26}
[WRITE] {"T":1,"L":0.26,"R":-0.26}
[WRITE] {"T":1,"L":0.26,"R":-0.26}
[WRITE] {"T":1,"L":0.0,"R":0.0}
[WRITE] {"T":1,"L":0.18,"R":0.18}
[WRITE] {"T":1,"L":0.18,"R":0.18}
[WRITE] {"T":1,"L":0.18,"R":0.18}
[WRITE] {"T":1,"L":0.18,"R":0.18}
[WRITE] {"T":1,"L":0.081,"R":0.18}
[WRITE] {"T":1,"L":-0.26,"R":0.26}
[WRITE] {"T":1,"L":-0.26,"R":0.26}
[WRITE] {"T":1,"L":-0.26,"R":0.26}
[WRITE] {"T":1,"L":-0.26,"R":0.26}
[WRITE] {"T":1,"L":-0.26,"R":0.26}
[WRITE] {"T":1,"L":0.0,"R":0.0}
[WRITE] {"T":1,"L":-0.26,"R":0.26}
[WRITE] {"T":1,"L":-0.26,"R":0.26}
[WRITE] {"T":1,"L":0.0,"R":0.0}
[WRITE] {"T":1,"L":-0.26,"R":0.26}
[WRITE] {"T":1,"L":-0.26,"R":0.26}
[WRITE] {"T":1,"L":-0.26,"R":0.26}
[WRITE] {"T":1,"L":-0.26,"R":0.26}
[WRITE] {"T":1,"L":-0.26,"R":0.26}
[WRITE] {"T":1,"L":-0.26,"R":0.26}
[WRITE] {"T":1,"L":-0.26,"R":0.26}
[WRITE] {"T":1,"L":-0.26,"R":0.26}
[WRITE] {"T":1,"L":-0.26,"R":0.26}
[WRITE] {"T":1,"L":-0.26,"R":0.26}
[WRITE] {"T":1,"L":-0.26,"R":0.26}
[WRITE] {"T":1,"L":-0.26,"R":0.26}
[WRITE] {"T":1,"L":-0.26,"R":0.26}
[WRITE] {"T":1,"L":0.0,"R":0.0}
[WRITE] {"T":1,"L":-0.26,"R":0.26}
[WRITE] {"T":1,"L":0.0,"R":0.0}
[WRITE] {"T":1,"L":0.26,"R":-0.26}
[WRITE] {"T":1,"L":0.26,"R":-0.26}
[WRITE] {"T":1,"L":0.26,"R":-0.26}
[WRITE] {"T":1,"L":0.26,"R":-0.26}
[WRITE] {"T":1,"L":0.26,"R":-0.26}
[WRITE] {"T":1,"L":0.26,"R":-0.26}
[WRITE] {"T":1,"L":0.26,"R":-0.26}
[WRITE] {"T":1,"L":0.26,"R":-0.26}
[WRITE] {"T":1,"L":0.26,"R":-0.26}
[WRITE] {"T":1,"L":0.26,"R":-0.26}
[WRITE] {"T":1,"L":0.26,"R":-0.26}
[WRITE] {"T":1,"L":0.26,"R":-0.26}
[WRITE] {"T":1,"L":0.26,"R":-0.26}
[WRITE] {"T":1,"L":0.26,"R":-0.26}
[WRITE] {"T":1,"L":0.26,"R":-0.26}
[WRITE] {"T":1,"L":0.26,"R":-0.26}
[WRITE] {"T":1,"L":0.26,"R":-0.26}
[WRITE] {"T":1,"L":0.26,"R":-0.26}
[WRITE] {"T":1,"L":0.26,"R":-0.26}
[WRITE] {"T":1,"L":0.0,"R":0.0}
[WRITE] {"T":1,"L":-0.18,"R":-0.18}
[WRITE] {"T":1,"L":0.0,"R":0.0}
[WRITE] {"T":1,"L":-0.18,"R":-0.18}
[WRITE] {"T":1,"L":-0.18,"R":-0.18}
[WRITE] {"T":1,"L":0.0,"R":0.0}
[WRITE] {"T":1,"L":0.18,"R":0.18}
[WRITE] {"T":1,"L":0.18,"R":0.18}
[WRITE] {"T":1,"L":0.18,"R":0.18}
[WRITE] {"T":1,"L":0.18,"R":0.18}
[WRITE] {"T":1,"L":0.18,"R":0.18}
[WRITE] {"T":1,"L":0.18,"R":0.18}
[WRITE] {"T":1,"L":0.0,"R":0.0}
[WRITE] {"T":1,"L":0.18,"R":0.18}
[WRITE] {"T":1,"L":0.18,"R":0.18}
[WRITE] {"T":1,"L":0.18,"R":0.18}
[WRITE] {"T":1,"L":0.0,"R":0.0}
[WRITE] {"T":1,"L":0.26,"R":-0.26}
[WRITE] {"T":1,"L":0.26,"R":-0.26}
[WRITE] {"T":1,"L":0.26,"R":-0.26}
[WRITE] {"T":1,"L":0.26,"R":-0.26}
[WRITE] {"T":1,"L":0.26,"R":-0.26}
[WRITE] {"T":1,"L":0.26,"R":-0.26}
[WRITE] {"T":1,"L":0.26,"R":-0.26}
[WRITE] {"T":1,"L":0.26,"R":-0.26}
[WRITE] {"T":1,"L":0.26,"R":-0.26}
[WRITE] {"T":1,"L":0.26,"R":-0.26}
[WRITE] {"T":1,"L":0.26,"R":-0.26}
[WRITE] {"T":1,"L":0.26,"R":-0.26}
[WRITE] {"T":1,"L":0.0,"R":0.0}
[WRITE] {"T":1,"L":0.26,"R":-0.26}
[WRITE] {"T":1,"L":0.26,"R":-0.26}
[WRITE] {"T":1,"L":0.26,"R":-0.26}
[WRITE] {"T":1,"L":0.26,"R":-0.26}
[WRITE] {"T":1,"L":0.26,"R":-0.26}
[WRITE] {"T":1,"L":0.26,"R":-0.26}
[WRITE] {"T":1,"L":0.26,"R":-0.26}
[WRITE] {"T":1,"L":0.26,"R":-0.26}
[WRITE] {"T":1,"L":0.0,"R":0.0}
[WRITE] {"T":1,"L":0.26,"R":-0.26}
[WRITE] {"T":1,"L":0.26,"R":-0.26}
[WRITE] {"T":1,"L":0.0,"R":0.0}
[WRITE] {"T":1,"L":0.0,"R":0.0}
[WRITE] {"T":1,"L":0.0,"R":0.0}
[WRITE] {"T":1,"L":0.0,"R":0.0}
[WRITE] {"T":1,"L":0.0,"R":0.0}
[WRITE] {"T":1,"L":0.0,"R":0.0}
[WRITE] {"T":1,"L":0.0,"R":0.0}
[WRITE] {"T":1,"L":0.0,"R":0.0}
[OK] Drive mode stopped safely.
[INFO] NeXa mobile base drive mode starting.
[INFO] Selected port: /dev/serial/by-id/usb-1a86_USB_Single_Serial_5A36029146-if00
[INFO] Mode: hardware
[INFO] Movement enabled flag: True
[INFO] Command profile: wheel
[OK] Open this on the Raspberry Pi: http://127.0.0.1:8768/
[WRITE] {"T":1,"L":0.18,"R":0.18}
[WRITE] {"T":1,"L":0.18,"R":0.18}
[WRITE] {"T":1,"L":0.18,"R":0.18}
[WRITE] {"T":1,"L":0.18,"R":0.18}
[WRITE] {"T":1,"L":0.18,"R":0.18}
[WRITE] {"T":1,"L":0.18,"R":0.18}
[WRITE] {"T":1,"L":0.18,"R":0.18}
[WRITE] {"T":1,"L":0.0,"R":0.0}
[WRITE] {"T":1,"L":0.18,"R":0.18}
[WRITE] {"T":1,"L":0.18,"R":0.18}
[WRITE] {"T":1,"L":0.18,"R":0.18}
[WRITE] {"T":1,"L":0.18,"R":0.18}
[WRITE] {"T":1,"L":0.18,"R":0.18}
[WRITE] {"T":1,"L":0.18,"R":0.18}
[WRITE] {"T":1,"L":0.18,"R":0.18}
[WRITE] {"T":1,"L":0.18,"R":0.18}
[WRITE] {"T":1,"L":0.18,"R":0.18}
[WRITE] {"T":1,"L":0.18,"R":0.18}
[WRITE] {"T":1,"L":0.18,"R":0.18}
[WRITE] {"T":1,"L":0.18,"R":0.18}
[WRITE] {"T":1,"L":0.18,"R":0.18}
[WRITE] {"T":1,"L":0.18,"R":0.18}
[WRITE] {"T":1,"L":0.18,"R":0.18}
[WRITE] {"T":1,"L":0.18,"R":0.18}
[WRITE] {"T":1,"L":0.18,"R":0.18}
[WRITE] {"T":1,"L":0.18,"R":0.18}
[WRITE] {"T":1,"L":0.18,"R":0.18}
[WRITE] {"T":1,"L":0.18,"R":0.18}
[WRITE] {"T":1,"L":0.18,"R":0.18}
[WRITE] {"T":1,"L":0.18,"R":0.18}
[WRITE] {"T":1,"L":0.18,"R":0.18}
[WRITE] {"T":1,"L":0.18,"R":0.18}
[WRITE] {"T":1,"L":0.18,"R":0.18}
[WRITE] {"T":1,"L":0.0,"R":0.0}
[WRITE] {"T":1,"L":-0.26,"R":0.26}
[WRITE] {"T":1,"L":-0.26,"R":0.26}
[WRITE] {"T":1,"L":-0.26,"R":0.26}
[WRITE] {"T":1,"L":-0.26,"R":0.26}
[WRITE] {"T":1,"L":-0.26,"R":0.26}
[WRITE] {"T":1,"L":-0.26,"R":0.26}
[WRITE] {"T":1,"L":-0.26,"R":0.26}
[WRITE] {"T":1,"L":-0.26,"R":0.26}
[WRITE] {"T":1,"L":-0.26,"R":0.26}
[WRITE] {"T":1,"L":-0.26,"R":0.26}
[WRITE] {"T":1,"L":-0.26,"R":0.26}
[WRITE] {"T":1,"L":-0.26,"R":0.26}
[WRITE] {"T":1,"L":0.0,"R":0.0}
[WRITE] {"T":1,"L":0.18,"R":0.18}
[WRITE] {"T":1,"L":0.18,"R":0.18}
[WRITE] {"T":1,"L":0.18,"R":0.18}
[WRITE] {"T":1,"L":0.18,"R":0.18}
[WRITE] {"T":1,"L":0.18,"R":0.18}
[WRITE] {"T":1,"L":0.0,"R":0.0}
[WRITE] {"T":1,"L":0.18,"R":0.18}
[WRITE] {"T":1,"L":0.18,"R":0.18}
[WRITE] {"T":1,"L":0.18,"R":0.18}
[WRITE] {"T":1,"L":0.0,"R":0.0}
[WRITE] {"T":1,"L":0.26,"R":-0.26}
[WRITE] {"T":1,"L":0.26,"R":-0.26}
[WRITE] {"T":1,"L":0.26,"R":-0.26}
[WRITE] {"T":1,"L":0.26,"R":-0.26}
[WRITE] {"T":1,"L":0.26,"R":-0.26}
[WRITE] {"T":1,"L":0.26,"R":-0.26}
[WRITE] {"T":1,"L":0.26,"R":-0.26}
[WRITE] {"T":1,"L":0.26,"R":-0.26}
[WRITE] {"T":1,"L":0.26,"R":-0.26}
[WRITE] {"T":1,"L":0.26,"R":-0.26}
[WRITE] {"T":1,"L":0.26,"R":-0.26}
[WRITE] {"T":1,"L":0.26,"R":-0.26}
[WRITE] {"T":1,"L":0.26,"R":-0.26}
[WRITE] {"T":1,"L":0.26,"R":-0.26}
[WRITE] {"T":1,"L":0.26,"R":-0.26}
[WRITE] {"T":1,"L":0.26,"R":-0.26}
[WRITE] {"T":1,"L":0.26,"R":-0.26}
[WRITE] {"T":1,"L":0.26,"R":-0.26}
[WRITE] {"T":1,"L":0.26,"R":-0.26}
[WRITE] {"T":1,"L":0.26,"R":-0.26}
[WRITE] {"T":1,"L":0.26,"R":-0.26}
[WRITE] {"T":1,"L":0.26,"R":-0.26}
[WRITE] {"T":1,"L":0.26,"R":-0.26}
[WRITE] {"T":1,"L":0.26,"R":-0.26}
[WRITE] {"T":1,"L":0.26,"R":-0.26}
[WRITE] {"T":1,"L":0.0,"R":0.0}
[WRITE] {"T":1,"L":0.18,"R":0.18}
[WRITE] {"T":1,"L":0.18,"R":0.18}
[WRITE] {"T":1,"L":0.18,"R":0.18}
[WRITE] {"T":1,"L":0.18,"R":0.18}
[WRITE] {"T":1,"L":0.18,"R":0.18}
[WRITE] {"T":1,"L":0.0,"R":0.0}
[WRITE] {"T":1,"L":0.18,"R":0.18}
[WRITE] {"T":1,"L":0.18,"R":0.18}
[WRITE] {"T":1,"L":0.18,"R":0.18}
[WRITE] {"T":1,"L":0.18,"R":0.18}
[WRITE] {"T":1,"L":0.18,"R":0.18}
[WRITE] {"T":1,"L":0.18,"R":0.18}
[WRITE] {"T":1,"L":0.18,"R":0.18}
[WRITE] {"T":1,"L":0.18,"R":0.18}
[WRITE] {"T":1,"L":0.0,"R":0.0}
[WRITE] {"T":1,"L":0.18,"R":0.18}
[WRITE] {"T":1,"L":0.18,"R":0.18}
[WRITE] {"T":1,"L":0.0,"R":0.0}
[WRITE] {"T":1,"L":-0.26,"R":0.26}
[WRITE] {"T":1,"L":-0.26,"R":0.26}
[WRITE] {"T":1,"L":-0.26,"R":0.26}
[WRITE] {"T":1,"L":-0.26,"R":0.26}
[WRITE] {"T":1,"L":-0.26,"R":0.26}
[WRITE] {"T":1,"L":-0.26,"R":0.26}
[WRITE] {"T":1,"L":0.0,"R":0.0}
[WRITE] {"T":1,"L":-0.26,"R":0.26}
[WRITE] {"T":1,"L":-0.26,"R":0.26}
[WRITE] {"T":1,"L":-0.26,"R":0.26}
[WRITE] {"T":1,"L":-0.26,"R":0.26}
[WRITE] {"T":1,"L":-0.26,"R":0.26}
[WRITE] {"T":1,"L":-0.26,"R":0.26}
[WRITE] {"T":1,"L":-0.26,"R":0.26}
[WRITE] {"T":1,"L":-0.26,"R":0.26}
[WRITE] {"T":1,"L":-0.26,"R":0.26}
[WRITE] {"T":1,"L":0.0,"R":0.0}
[WRITE] {"T":1,"L":-0.26,"R":0.26}
[WRITE] {"T":1,"L":-0.26,"R":0.26}
[WRITE] {"T":1,"L":0.0,"R":0.0}
[WRITE] {"T":1,"L":-0.26,"R":0.26}
[WRITE] {"T":1,"L":-0.26,"R":0.26}
[WRITE] {"T":1,"L":-0.26,"R":0.26}
[WRITE] {"T":1,"L":-0.26,"R":0.26}
[WRITE] {"T":1,"L":-0.26,"R":0.26}
[WRITE] {"T":1,"L":-0.26,"R":0.26}
[WRITE] {"T":1,"L":0.0,"R":0.0}
[WRITE] {"T":1,"L":0.18,"R":0.18}
[WRITE] {"T":1,"L":0.18,"R":0.18}
[WRITE] {"T":1,"L":0.18,"R":0.18}
[WRITE] {"T":1,"L":0.18,"R":0.18}
[WRITE] {"T":1,"L":0.18,"R":0.18}
[WRITE] {"T":1,"L":0.18,"R":0.18}
[WRITE] {"T":1,"L":0.18,"R":0.18}
[WRITE] {"T":1,"L":0.18,"R":0.18}
[WRITE] {"T":1,"L":0.18,"R":0.18}
[WRITE] {"T":1,"L":0.18,"R":0.18}
[WRITE] {"T":1,"L":0.18,"R":0.18}
[WRITE] {"T":1,"L":0.18,"R":0.18}
[WRITE] {"T":1,"L":0.18,"R":0.18}
[WRITE] {"T":1,"L":0.18,"R":0.18}
[WRITE] {"T":1,"L":0.0,"R":0.0}
[WRITE] {"T":1,"L":0.26,"R":-0.26}
[WRITE] {"T":1,"L":-0.18,"R":-0.081}
[WRITE] {"T":1,"L":-0.18,"R":-0.081}
[WRITE] {"T":1,"L":-0.18,"R":-0.081}
[WRITE] {"T":1,"L":0.26,"R":-0.26}
[WRITE] {"T":1,"L":0.26,"R":-0.26}
[WRITE] {"T":1,"L":0.26,"R":-0.26}
[WRITE] {"T":1,"L":0.26,"R":-0.26}
[WRITE] {"T":1,"L":0.26,"R":-0.26}
[WRITE] {"T":1,"L":0.26,"R":-0.26}
[WRITE] {"T":1,"L":0.26,"R":-0.26}
[WRITE] {"T":1,"L":0.26,"R":-0.26}
[WRITE] {"T":1,"L":0.26,"R":-0.26}
[WRITE] {"T":1,"L":0.0,"R":0.0}
[WRITE] {"T":1,"L":0.18,"R":0.18}
[WRITE] {"T":1,"L":0.18,"R":0.18}
[WRITE] {"T":1,"L":0.18,"R":0.18}
[WRITE] {"T":1,"L":0.18,"R":0.18}
[WRITE] {"T":1,"L":0.18,"R":0.18}
[WRITE] {"T":1,"L":0.18,"R":0.18}
[WRITE] {"T":1,"L":0.18,"R":0.18}
[WRITE] {"T":1,"L":0.18,"R":0.18}
[WRITE] {"T":1,"L":0.18,"R":0.18}
[WRITE] {"T":1,"L":0.18,"R":0.18}
[WRITE] {"T":1,"L":0.18,"R":0.18}
[WRITE] {"T":1,"L":0.18,"R":0.18}
[WRITE] {"T":1,"L":0.18,"R":0.18}
[WRITE] {"T":1,"L":0.18,"R":0.18}
[WRITE] {"T":1,"L":0.18,"R":0.18}
[WRITE] {"T":1,"L":0.18,"R":0.18}
[WRITE] {"T":1,"L":0.18,"R":0.18}
[WRITE] {"T":1,"L":0.18,"R":0.18}
[WRITE] {"T":1,"L":0.18,"R":0.18}
[WRITE] {"T":1,"L":0.18,"R":0.18}
[WRITE] {"T":1,"L":0.18,"R":0.18}
[WRITE] {"T":1,"L":0.0,"R":0.0}
[WRITE] {"T":1,"L":0.18,"R":0.18}
[WRITE] {"T":1,"L":0.18,"R":0.18}
[WRITE] {"T":1,"L":0.18,"R":0.18}
[WRITE] {"T":1,"L":0.18,"R":0.18}
[WRITE] {"T":1,"L":0.18,"R":0.18}
[WRITE] {"T":1,"L":0.18,"R":0.18}
[WRITE] {"T":1,"L":0.18,"R":0.18}
[WRITE] {"T":1,"L":0.18,"R":0.18}
[WRITE] {"T":1,"L":0.18,"R":0.18}
[WRITE] {"T":1,"L":0.18,"R":0.18}
[WRITE] {"T":1,"L":0.18,"R":0.18}
[WRITE] {"T":1,"L":0.18,"R":0.18}
[WRITE] {"T":1,"L":0.18,"R":0.18}
[WRITE] {"T":1,"L":0.18,"R":0.18}
[WRITE] {"T":1,"L":0.18,"R":0.18}
[WRITE] {"T":1,"L":0.18,"R":0.18}
[WRITE] {"T":1,"L":0.18,"R":0.18}
[WRITE] {"T":1,"L":0.18,"R":0.18}
[WRITE] {"T":1,"L":0.18,"R":0.18}
[WRITE] {"T":1,"L":0.18,"R":0.18}
[WRITE] {"T":1,"L":0.18,"R":0.18}
[WRITE] {"T":1,"L":0.18,"R":0.18}
[WRITE] {"T":1,"L":0.18,"R":0.18}
[WRITE] {"T":1,"L":0.0,"R":0.0}
[WRITE] {"T":1,"L":0.18,"R":0.18}
[WRITE] {"T":1,"L":0.18,"R":0.18}
[WRITE] {"T":1,"L":0.18,"R":0.18}
[WRITE] {"T":1,"L":0.18,"R":0.18}
[WRITE] {"T":1,"L":0.18,"R":0.18}
[WRITE] {"T":1,"L":0.18,"R":0.18}
[WRITE] {"T":1,"L":0.18,"R":0.18}
[WRITE] {"T":1,"L":0.18,"R":0.18}
[WRITE] {"T":1,"L":0.18,"R":0.18}
[WRITE] {"T":1,"L":0.18,"R":0.18}
[WRITE] {"T":1,"L":0.18,"R":0.18}
[WRITE] {"T":1,"L":0.18,"R":0.18}
[WRITE] {"T":1,"L":0.18,"R":0.18}
[WRITE] {"T":1,"L":0.18,"R":0.18}
[WRITE] {"T":1,"L":0.18,"R":0.18}
[WRITE] {"T":1,"L":0.18,"R":0.18}
[WRITE] {"T":1,"L":0.18,"R":0.18}
[WRITE] {"T":1,"L":0.18,"R":0.18}
[WRITE] {"T":1,"L":0.18,"R":0.18}
[WRITE] {"T":1,"L":0.18,"R":0.18}
[WRITE] {"T":1,"L":0.18,"R":0.18}
[WRITE] {"T":1,"L":0.18,"R":0.18}
[WRITE] {"T":1,"L":0.18,"R":0.18}
[WRITE] {"T":1,"L":0.18,"R":0.18}
[WRITE] {"T":1,"L":0.18,"R":0.18}
[WRITE] {"T":1,"L":0.18,"R":0.18}
[WRITE] {"T":1,"L":0.18,"R":0.18}
[WRITE] {"T":1,"L":0.18,"R":0.18}
[WRITE] {"T":1,"L":0.18,"R":0.18}
[WRITE] {"T":1,"L":0.18,"R":0.18}
[WRITE] {"T":1,"L":0.0,"R":0.0}
[WRITE] {"T":1,"L":-0.18,"R":-0.18}
[WRITE] {"T":1,"L":-0.18,"R":-0.081}
[WRITE] {"T":1,"L":-0.18,"R":-0.081}
[WRITE] {"T":1,"L":-0.18,"R":-0.081}
[WRITE] {"T":1,"L":0.26,"R":-0.26}
[WRITE] {"T":1,"L":0.26,"R":-0.26}
[WRITE] {"T":1,"L":0.26,"R":-0.26}
[WRITE] {"T":1,"L":0.26,"R":-0.26}
[WRITE] {"T":1,"L":0.26,"R":-0.26}
[WRITE] {"T":1,"L":0.26,"R":-0.26}
[WRITE] {"T":1,"L":0.26,"R":-0.26}
[WRITE] {"T":1,"L":0.26,"R":-0.26}
[WRITE] {"T":1,"L":0.26,"R":-0.26}
[WRITE] {"T":1,"L":0.26,"R":-0.26}
[WRITE] {"T":1,"L":0.26,"R":-0.26}
[WRITE] {"T":1,"L":0.26,"R":-0.26}
[WRITE] {"T":1,"L":0.26,"R":-0.26}
[WRITE] {"T":1,"L":0.26,"R":-0.26}
[WRITE] {"T":1,"L":0.26,"R":-0.26}
[WRITE] {"T":1,"L":0.26,"R":-0.26}
[WRITE] {"T":1,"L":0.26,"R":-0.26}
[WRITE] {"T":1,"L":0.26,"R":-0.26}
[WRITE] {"T":1,"L":0.0,"R":0.0}
[WRITE] {"T":1,"L":0.0,"R":0.0}
[WRITE] {"T":1,"L":0.0,"R":0.0}
[WRITE] {"T":1,"L":0.26,"R":-0.26}
[WRITE] {"T":1,"L":0.26,"R":-0.26}
[WRITE] {"T":1,"L":0.26,"R":-0.26}
[WRITE] {"T":1,"L":0.26,"R":-0.26}
[WRITE] {"T":1,"L":0.26,"R":-0.26}
[WRITE] {"T":1,"L":0.26,"R":-0.26}
[WRITE] {"T":1,"L":0.26,"R":-0.26}
[WRITE] {"T":1,"L":0.26,"R":-0.26}
[WRITE] {"T":1,"L":0.26,"R":-0.26}
[WRITE] {"T":1,"L":0.26,"R":-0.26}
[WRITE] {"T":1,"L":0.26,"R":-0.26}
[WRITE] {"T":1,"L":0.26,"R":-0.26}
[WRITE] {"T":1,"L":0.26,"R":-0.26}
[WRITE] {"T":1,"L":0.26,"R":-0.26}
[WRITE] {"T":1,"L":0.26,"R":-0.26}
[WRITE] {"T":1,"L":0.26,"R":-0.26}
[WRITE] {"T":1,"L":0.26,"R":-0.26}
[WRITE] {"T":1,"L":0.26,"R":-0.26}
[WRITE] {"T":1,"L":0.26,"R":-0.26}
[WRITE] {"T":1,"L":0.26,"R":-0.26}
[WRITE] {"T":1,"L":0.26,"R":-0.26}
[WRITE] {"T":1,"L":0.26,"R":-0.26}
[WRITE] {"T":1,"L":0.26,"R":-0.26}
[WRITE] {"T":1,"L":0.26,"R":-0.26}
[WRITE] {"T":1,"L":0.26,"R":-0.26}
[WRITE] {"T":1,"L":0.26,"R":-0.26}
[WRITE] {"T":1,"L":0.26,"R":-0.26}
[WRITE] {"T":1,"L":0.26,"R":-0.26}
[WRITE] {"T":1,"L":0.26,"R":-0.26}
[WRITE] {"T":1,"L":-0.18,"R":-0.081}
[WRITE] {"T":1,"L":-0.18,"R":-0.18}
[WRITE] {"T":1,"L":-0.18,"R":-0.18}
[WRITE] {"T":1,"L":-0.18,"R":-0.18}
[WRITE] {"T":1,"L":-0.18,"R":-0.18}
[WRITE] {"T":1,"L":-0.18,"R":-0.18}
[WRITE] {"T":1,"L":-0.18,"R":-0.18}
[WRITE] {"T":1,"L":-0.18,"R":-0.18}
[WRITE] {"T":1,"L":-0.18,"R":-0.18}
[WRITE] {"T":1,"L":-0.18,"R":-0.18}
[WRITE] {"T":1,"L":-0.18,"R":-0.18}
[WRITE] {"T":1,"L":-0.18,"R":-0.18}
[WRITE] {"T":1,"L":-0.18,"R":-0.18}
[WRITE] {"T":1,"L":-0.18,"R":-0.18}
[WRITE] {"T":1,"L":-0.18,"R":-0.18}
[WRITE] {"T":1,"L":-0.18,"R":-0.18}
[WRITE] {"T":1,"L":-0.18,"R":-0.18}
[WRITE] {"T":1,"L":-0.18,"R":-0.18}
[WRITE] {"T":1,"L":-0.18,"R":-0.18}
[WRITE] {"T":1,"L":0.0,"R":0.0}
[WRITE] {"T":1,"L":0.18,"R":0.18}
[WRITE] {"T":1,"L":0.18,"R":0.18}
[WRITE] {"T":1,"L":0.18,"R":0.18}
[WRITE] {"T":1,"L":0.18,"R":0.18}
[WRITE] {"T":1,"L":0.18,"R":0.18}
[WRITE] {"T":1,"L":0.18,"R":0.18}
[WRITE] {"T":1,"L":0.18,"R":0.18}
[WRITE] {"T":1,"L":0.18,"R":0.18}
[WRITE] {"T":1,"L":0.18,"R":0.18}
[WRITE] {"T":1,"L":0.18,"R":0.18}
[WRITE] {"T":1,"L":0.18,"R":0.18}
[WRITE] {"T":1,"L":0.18,"R":0.18}
[WRITE] {"T":1,"L":0.0,"R":0.0}
[WRITE] {"T":1,"L":-0.18,"R":-0.18}
[WRITE] {"T":1,"L":-0.18,"R":-0.18}
[WRITE] {"T":1,"L":-0.18,"R":-0.18}
[WRITE] {"T":1,"L":-0.18,"R":-0.18}
[WRITE] {"T":1,"L":-0.18,"R":-0.18}
[WRITE] {"T":1,"L":-0.18,"R":-0.18}
[WRITE] {"T":1,"L":-0.18,"R":-0.18}
[WRITE] {"T":1,"L":-0.18,"R":-0.18}
[WRITE] {"T":1,"L":-0.18,"R":-0.18}
[WRITE] {"T":1,"L":-0.18,"R":-0.18}
[WRITE] {"T":1,"L":-0.18,"R":-0.18}
[WRITE] {"T":1,"L":-0.18,"R":-0.18}
[WRITE] {"T":1,"L":-0.18,"R":-0.18}
[WRITE] {"T":1,"L":-0.18,"R":-0.18}
[WRITE] {"T":1,"L":0.0,"R":0.0}
[WRITE] {"T":1,"L":-0.18,"R":-0.18}
[WRITE] {"T":1,"L":-0.18,"R":-0.18}
[WRITE] {"T":1,"L":0.0,"R":0.0}
[WRITE] {"T":1,"L":0.0,"R":0.0}
[WRITE] {"T":1,"L":-0.18,"R":-0.18}
[WRITE] {"T":1,"L":-0.18,"R":-0.18}
[WRITE] {"T":1,"L":-0.18,"R":-0.18}
[WRITE] {"T":1,"L":-0.18,"R":-0.18}
[WRITE] {"T":1,"L":-0.18,"R":-0.18}
[WRITE] {"T":1,"L":-0.18,"R":-0.18}
[WRITE] {"T":1,"L":-0.18,"R":-0.18}
[WRITE] {"T":1,"L":-0.18,"R":-0.18}
[WRITE] {"T":1,"L":-0.18,"R":-0.18}
[WRITE] {"T":1,"L":-0.18,"R":-0.18}
[WRITE] {"T":1,"L":-0.18,"R":-0.18}
[WRITE] {"T":1,"L":-0.18,"R":-0.18}
[WRITE] {"T":1,"L":-0.18,"R":-0.18}
[WRITE] {"T":1,"L":-0.18,"R":-0.18}
[WRITE] {"T":1,"L":0.0,"R":0.0}
[WRITE] {"T":1,"L":0.18,"R":0.18}
[WRITE] {"T":1,"L":0.18,"R":0.18}
[WRITE] {"T":1,"L":0.18,"R":0.18}
[WRITE] {"T":1,"L":0.18,"R":0.18}
[WRITE] {"T":1,"L":0.18,"R":0.18}
[WRITE] {"T":1,"L":0.18,"R":0.18}
[WRITE] {"T":1,"L":0.18,"R":0.18}
[WRITE] {"T":1,"L":0.18,"R":0.18}
[WRITE] {"T":1,"L":0.18,"R":0.18}
[WRITE] {"T":1,"L":0.18,"R":0.18}
[WRITE] {"T":1,"L":0.18,"R":0.18}
[WRITE] {"T":1,"L":0.0,"R":0.0}
[WRITE] {"T":1,"L":0.26,"R":-0.26}
[WRITE] {"T":1,"L":0.26,"R":-0.26}
[WRITE] {"T":1,"L":0.26,"R":-0.26}
[WRITE] {"T":1,"L":0.26,"R":-0.26}
[WRITE] {"T":1,"L":0.26,"R":-0.26}
[WRITE] {"T":1,"L":0.26,"R":-0.26}
[WRITE] {"T":1,"L":0.26,"R":-0.26}
[WRITE] {"T":1,"L":0.26,"R":-0.26}
[WRITE] {"T":1,"L":0.26,"R":-0.26}
[WRITE] {"T":1,"L":0.26,"R":-0.26}
[WRITE] {"T":1,"L":0.26,"R":-0.26}
[WRITE] {"T":1,"L":0.26,"R":-0.26}
[WRITE] {"T":1,"L":0.26,"R":-0.26}
[WRITE] {"T":1,"L":0.26,"R":-0.26}
[WRITE] {"T":1,"L":0.26,"R":-0.26}
[WRITE] {"T":1,"L":0.0,"R":0.0}
[WRITE] {"T":1,"L":0.0,"R":0.0}
[WRITE] {"T":1,"L":-0.26,"R":0.26}
[WRITE] {"T":1,"L":-0.26,"R":0.26}
[WRITE] {"T":1,"L":-0.26,"R":0.26}
[WRITE] {"T":1,"L":-0.26,"R":0.26}
[WRITE] {"T":1,"L":-0.26,"R":0.26}
[WRITE] {"T":1,"L":-0.26,"R":0.26}
[WRITE] {"T":1,"L":-0.26,"R":0.26}
[WRITE] {"T":1,"L":-0.26,"R":0.26}
[WRITE] {"T":1,"L":0.0,"R":0.0}
[WRITE] {"T":1,"L":-0.18,"R":-0.18}
[WRITE] {"T":1,"L":-0.18,"R":-0.18}
[WRITE] {"T":1,"L":-0.18,"R":-0.18}
[WRITE] {"T":1,"L":-0.18,"R":-0.18}
[WRITE] {"T":1,"L":-0.18,"R":-0.18}
[WRITE] {"T":1,"L":-0.18,"R":-0.18}
[WRITE] {"T":1,"L":-0.18,"R":-0.18}
[WRITE] {"T":1,"L":-0.18,"R":-0.18}
[WRITE] {"T":1,"L":-0.18,"R":-0.18}
[WRITE] {"T":1,"L":-0.18,"R":-0.18}
[WRITE] {"T":1,"L":-0.18,"R":-0.18}
[WRITE] {"T":1,"L":-0.18,"R":-0.18}
[WRITE] {"T":1,"L":-0.18,"R":-0.18}
[WRITE] {"T":1,"L":-0.18,"R":-0.18}
[WRITE] {"T":1,"L":-0.18,"R":-0.18}
[WRITE] {"T":1,"L":-0.18,"R":-0.18}
[WRITE] {"T":1,"L":-0.18,"R":-0.18}
[WRITE] {"T":1,"L":-0.18,"R":-0.18}
[WRITE] {"T":1,"L":-0.18,"R":-0.18}
[WRITE] {"T":1,"L":-0.18,"R":-0.18}
[WRITE] {"T":1,"L":-0.18,"R":-0.18}
[WRITE] {"T":1,"L":-0.18,"R":-0.18}
[WRITE] {"T":1,"L":-0.18,"R":-0.18}
[WRITE] {"T":1,"L":0.0,"R":0.0}
[WRITE] {"T":1,"L":0.26,"R":-0.26}
[WRITE] {"T":1,"L":0.26,"R":-0.26}
[WRITE] {"T":1,"L":0.26,"R":-0.26}
[WRITE] {"T":1,"L":0.26,"R":-0.26}
[WRITE] {"T":1,"L":0.26,"R":-0.26}
[WRITE] {"T":1,"L":0.26,"R":-0.26}
[WRITE] {"T":1,"L":0.26,"R":-0.26}
[WRITE] {"T":1,"L":0.26,"R":-0.26}
[WRITE] {"T":1,"L":0.26,"R":-0.26}
[WRITE] {"T":1,"L":0.26,"R":-0.26}
[WRITE] {"T":1,"L":0.26,"R":-0.26}
[WRITE] {"T":1,"L":0.26,"R":-0.26}
[WRITE] {"T":1,"L":0.26,"R":-0.26}
[WRITE] {"T":1,"L":0.26,"R":-0.26}
[WRITE] {"T":1,"L":0.0,"R":0.0}
[WRITE] {"T":1,"L":-0.26,"R":0.26}
[WRITE] {"T":1,"L":-0.26,"R":0.26}
[WRITE] {"T":1,"L":-0.26,"R":0.26}
[WRITE] {"T":1,"L":-0.26,"R":0.26}
[WRITE] {"T":1,"L":0.0,"R":0.0}
[WRITE] {"T":1,"L":-0.18,"R":-0.18}
[WRITE] {"T":1,"L":-0.18,"R":-0.18}
[WRITE] {"T":1,"L":-0.18,"R":-0.18}
[WRITE] {"T":1,"L":0.0,"R":0.0}
[WRITE] {"T":1,"L":-0.18,"R":-0.18}
[WRITE] {"T":1,"L":-0.18,"R":-0.18}
[WRITE] {"T":1,"L":-0.18,"R":-0.18}
[WRITE] {"T":1,"L":-0.18,"R":-0.18}
[WRITE] {"T":1,"L":0.0,"R":0.0}
[WRITE] {"T":1,"L":-0.18,"R":-0.18}
[WRITE] {"T":1,"L":0.0,"R":0.0}
[WRITE] {"T":1,"L":0.18,"R":0.18}
[WRITE] {"T":1,"L":0.0,"R":0.0}
[WRITE] {"T":1,"L":0.18,"R":0.18}
[WRITE] {"T":1,"L":0.18,"R":0.18}
[WRITE] {"T":1,"L":0.18,"R":0.18}
[WRITE] {"T":1,"L":0.0,"R":0.0}
[WRITE] {"T":1,"L":0.18,"R":0.18}
[WRITE] {"T":1,"L":0.18,"R":0.18}
[WRITE] {"T":1,"L":0.18,"R":0.18}
[WRITE] {"T":1,"L":0.0,"R":0.0}
[WRITE] {"T":1,"L":0.18,"R":0.18}
[WRITE] {"T":1,"L":0.18,"R":0.18}
[WRITE] {"T":1,"L":0.18,"R":0.18}
[WRITE] {"T":1,"L":0.0,"R":0.0}
[WRITE] {"T":1,"L":0.18,"R":0.18}
[WRITE] {"T":1,"L":0.18,"R":0.18}
[WRITE] {"T":1,"L":0.18,"R":0.18}
[WRITE] {"T":1,"L":0.18,"R":0.18}
[WRITE] {"T":1,"L":0.0,"R":0.0}
[WRITE] {"T":1,"L":-0.18,"R":-0.18}
[WRITE] {"T":1,"L":-0.18,"R":-0.18}
[WRITE] {"T":1,"L":-0.18,"R":-0.18}
[WRITE] {"T":1,"L":-0.18,"R":-0.18}
[WRITE] {"T":1,"L":0.0,"R":0.0}
[WRITE] {"T":1,"L":0.18,"R":0.18}
[WRITE] {"T":1,"L":0.18,"R":0.18}
[WRITE] {"T":1,"L":0.18,"R":0.18}
[WRITE] {"T":1,"L":0.18,"R":0.18}
[WRITE] {"T":1,"L":0.18,"R":0.18}
[WRITE] {"T":1,"L":0.0,"R":0.0}
[WRITE] {"T":1,"L":0.18,"R":0.18}
[WRITE] {"T":1,"L":0.18,"R":0.18}
[WRITE] {"T":1,"L":0.18,"R":0.18}
[WRITE] {"T":1,"L":0.0,"R":0.0}
[WRITE] {"T":1,"L":-0.18,"R":-0.18}
[WRITE] {"T":1,"L":-0.18,"R":-0.18}
[WRITE] {"T":1,"L":-0.18,"R":-0.18}
[WRITE] {"T":1,"L":-0.18,"R":-0.18}
[WRITE] {"T":1,"L":0.0,"R":0.0}
[WRITE] {"T":1,"L":-0.18,"R":-0.18}
[WRITE] {"T":1,"L":-0.18,"R":-0.18}
[WRITE] {"T":1,"L":-0.18,"R":-0.18}
[WRITE] {"T":1,"L":-0.18,"R":-0.18}
[WRITE] {"T":1,"L":-0.18,"R":-0.18}
[WRITE] {"T":1,"L":-0.18,"R":-0.18}
[WRITE] {"T":1,"L":-0.18,"R":-0.18}
[WRITE] {"T":1,"L":-0.18,"R":-0.18}
[WRITE] {"T":1,"L":-0.18,"R":-0.18}
[WRITE] {"T":1,"L":-0.18,"R":-0.18}
[WRITE] {"T":1,"L":0.0,"R":0.0}
[WRITE] {"T":1,"L":-0.18,"R":-0.18}
[WRITE] {"T":1,"L":-0.18,"R":-0.18}
[WRITE] {"T":1,"L":0.0,"R":0.0}
[WRITE] {"T":1,"L":0.18,"R":0.18}
[WRITE] {"T":1,"L":0.0,"R":0.0}
[WRITE] {"T":1,"L":0.18,"R":0.18}
[WRITE] {"T":1,"L":0.18,"R":0.18}
[WRITE] {"T":1,"L":0.18,"R":0.18}
[WRITE] {"T":1,"L":0.0,"R":0.0}
[WRITE] {"T":1,"L":0.18,"R":0.18}
[WRITE] {"T":1,"L":0.18,"R":0.18}
[WRITE] {"T":1,"L":0.18,"R":0.18}
[WRITE] {"T":1,"L":0.18,"R":0.18}
[WRITE] {"T":1,"L":0.18,"R":0.18}
[WRITE] {"T":1,"L":0.18,"R":0.18}
[WRITE] {"T":1,"L":0.18,"R":0.18}
[WRITE] {"T":1,"L":0.0,"R":0.0}
[WRITE] {"T":1,"L":-0.18,"R":-0.18}
[WRITE] {"T":1,"L":-0.18,"R":-0.18}
[WRITE] {"T":1,"L":-0.18,"R":-0.18}
[WRITE] {"T":1,"L":0.0,"R":0.0}
Traceback (most recent call last):
  File "/usr/lib/python3/dist-packages/serial/serialposix.py", line 322, in open
    self.fd = os.open(self.portstr, os.O_RDWR | os.O_NOCTTY | os.O_NONBLOCK)
              ~~~~~~~^^^^^^^^^^^^^^^^^^^^^^^^^^^^^^^^^^^^^^^^^^^^^^^^^^^^^^^
FileNotFoundError: [Errno 2] No such file or directory: '/dev/serial/by-id/usb-1a86_USB_Single_Serial_5A36029146-if00'

During handling of the above exception, another exception occurred:

Traceback (most recent call last):
  File "/home/devdul/Projects/smart-desk-ai-assistant/scripts/mobile_base_drive_mode.py", line 77, in <module>
    if __name__=="__main__": raise SystemExit(main(sys.argv[1:]))
                                              ~~~~^^^^^^^^^^^^^^
  File "/home/devdul/Projects/smart-desk-ai-assistant/scripts/mobile_base_drive_mode.py", line 76, in main
    args=parser().parse_args(argv); return selftest(args) if args.self_test else server(args)
                                                                                 ~~~~~~^^^^^^
  File "/home/devdul/Projects/smart-desk-ai-assistant/scripts/mobile_base_drive_mode.py", line 66, in server
    service, selected, dry=make(args); service.controller.open(); Handler.service=service; Handler.selected_port=selected; Handler.dry_run=dry; Handler.movement_enabled=bool(args.enable_movement); Handler.linear_speed_mps=args.linear_speed_mps; Handler.angular_speed_rad_s=args.angular_speed_rad_s; Handler.command_profile=args.command_profile; Handler.wheel_turn_speed_mps=args.wheel_turn_speed_mps; stop=threading.Event()
                                       ~~~~~~~~~~~~~~~~~~~~~~~^^
  File "/home/devdul/Projects/smart-desk-ai-assistant/modules/devices/mobile_base/controller.py", line 45, in open
    self.transport.open()
    ~~~~~~~~~~~~~~~~~~~^^
  File "/home/devdul/Projects/smart-desk-ai-assistant/modules/devices/mobile_base/serial_transport.py", line 150, in open
    self._serial = serial.Serial(self.port, baudrate=self.baudrate, timeout=self.timeout_sec)
                   ~~~~~~~~~~~~~^^^^^^^^^^^^^^^^^^^^^^^^^^^^^^^^^^^^^^^^^^^^^^^^^^^^^^^^^^^^^
  File "/usr/lib/python3/dist-packages/serial/serialutil.py", line 244, in __init__
    self.open()
    ~~~~~~~~~^^
  File "/usr/lib/python3/dist-packages/serial/serialposix.py", line 325, in open
    raise SerialException(msg.errno, "could not open port {}: {}".format(self._port, msg))
serial.serialutil.SerialException: [Errno 2] could not open port /dev/serial/by-id/usb-1a86_USB_Single_Serial_5A36029146-if00: [Errno 2] No such file or directory: '/dev/serial/by-id/usb-1a86_USB_Single_Serial_5A36029146-if00'
Traceback (most recent call last):
  File "/usr/lib/python3/dist-packages/serial/serialposix.py", line 322, in open
    self.fd = os.open(self.portstr, os.O_RDWR | os.O_NOCTTY | os.O_NONBLOCK)
              ~~~~~~~^^^^^^^^^^^^^^^^^^^^^^^^^^^^^^^^^^^^^^^^^^^^^^^^^^^^^^^
FileNotFoundError: [Errno 2] No such file or directory: '/dev/serial/by-id/usb-1a86_USB_Single_Serial_5A36029146-if00'

During handling of the above exception, another exception occurred:

Traceback (most recent call last):
  File "/home/devdul/Projects/smart-desk-ai-assistant/scripts/mobile_base_drive_mode.py", line 77, in <module>
    if __name__=="__main__": raise SystemExit(main(sys.argv[1:]))
                                              ~~~~^^^^^^^^^^^^^^
  File "/home/devdul/Projects/smart-desk-ai-assistant/scripts/mobile_base_drive_mode.py", line 76, in main
    args=parser().parse_args(argv); return selftest(args) if args.self_test else server(args)
                                                                                 ~~~~~~^^^^^^
  File "/home/devdul/Projects/smart-desk-ai-assistant/scripts/mobile_base_drive_mode.py", line 66, in server
    service, selected, dry=make(args); service.controller.open(); Handler.service=service; Handler.selected_port=selected; Handler.dry_run=dry; Handler.movement_enabled=bool(args.enable_movement); Handler.linear_speed_mps=args.linear_speed_mps; Handler.angular_speed_rad_s=args.angular_speed_rad_s; Handler.command_profile=args.command_profile; Handler.wheel_turn_speed_mps=args.wheel_turn_speed_mps; stop=threading.Event()
                                       ~~~~~~~~~~~~~~~~~~~~~~~^^
  File "/home/devdul/Projects/smart-desk-ai-assistant/modules/devices/mobile_base/controller.py", line 45, in open
    self.transport.open()
    ~~~~~~~~~~~~~~~~~~~^^
  File "/home/devdul/Projects/smart-desk-ai-assistant/modules/devices/mobile_base/serial_transport.py", line 150, in open
    self._serial = serial.Serial(self.port, baudrate=self.baudrate, timeout=self.timeout_sec)
                   ~~~~~~~~~~~~~^^^^^^^^^^^^^^^^^^^^^^^^^^^^^^^^^^^^^^^^^^^^^^^^^^^^^^^^^^^^^
  File "/usr/lib/python3/dist-packages/serial/serialutil.py", line 244, in __init__
    self.open()
    ~~~~~~~~~^^
  File "/usr/lib/python3/dist-packages/serial/serialposix.py", line 325, in open
    raise SerialException(msg.errno, "could not open port {}: {}".format(self._port, msg))
serial.serialutil.SerialException: [Errno 2] could not open port /dev/serial/by-id/usb-1a86_USB_Single_Serial_5A36029146-if00: [Errno 2] No such file or directory: '/dev/serial/by-id/usb-1a86_USB_Single_Serial_5A36029146-if00'
Traceback (most recent call last):
  File "/usr/lib/python3/dist-packages/serial/serialposix.py", line 322, in open
    self.fd = os.open(self.portstr, os.O_RDWR | os.O_NOCTTY | os.O_NONBLOCK)
              ~~~~~~~^^^^^^^^^^^^^^^^^^^^^^^^^^^^^^^^^^^^^^^^^^^^^^^^^^^^^^^
FileNotFoundError: [Errno 2] No such file or directory: '/dev/serial/by-id/usb-1a86_USB_Single_Serial_5A36029146-if00'

During handling of the above exception, another exception occurred:

Traceback (most recent call last):
  File "/home/devdul/Projects/smart-desk-ai-assistant/scripts/mobile_base_drive_mode.py", line 77, in <module>
    if __name__=="__main__": raise SystemExit(main(sys.argv[1:]))
                                              ~~~~^^^^^^^^^^^^^^
  File "/home/devdul/Projects/smart-desk-ai-assistant/scripts/mobile_base_drive_mode.py", line 76, in main
    args=parser().parse_args(argv); return selftest(args) if args.self_test else server(args)
                                                                                 ~~~~~~^^^^^^
  File "/home/devdul/Projects/smart-desk-ai-assistant/scripts/mobile_base_drive_mode.py", line 66, in server
    service, selected, dry=make(args); service.controller.open(); Handler.service=service; Handler.selected_port=selected; Handler.dry_run=dry; Handler.movement_enabled=bool(args.enable_movement); Handler.linear_speed_mps=args.linear_speed_mps; Handler.angular_speed_rad_s=args.angular_speed_rad_s; Handler.command_profile=args.command_profile; Handler.wheel_turn_speed_mps=args.wheel_turn_speed_mps; stop=threading.Event()
                                       ~~~~~~~~~~~~~~~~~~~~~~~^^
  File "/home/devdul/Projects/smart-desk-ai-assistant/modules/devices/mobile_base/controller.py", line 45, in open
    self.transport.open()
    ~~~~~~~~~~~~~~~~~~~^^
  File "/home/devdul/Projects/smart-desk-ai-assistant/modules/devices/mobile_base/serial_transport.py", line 150, in open
    self._serial = serial.Serial(self.port, baudrate=self.baudrate, timeout=self.timeout_sec)
                   ~~~~~~~~~~~~~^^^^^^^^^^^^^^^^^^^^^^^^^^^^^^^^^^^^^^^^^^^^^^^^^^^^^^^^^^^^^
  File "/usr/lib/python3/dist-packages/serial/serialutil.py", line 244, in __init__
    self.open()
    ~~~~~~~~~^^
  File "/usr/lib/python3/dist-packages/serial/serialposix.py", line 325, in open
    raise SerialException(msg.errno, "could not open port {}: {}".format(self._port, msg))
serial.serialutil.SerialException: [Errno 2] could not open port /dev/serial/by-id/usb-1a86_USB_Single_Serial_5A36029146-if00: [Errno 2] No such file or directory: '/dev/serial/by-id/usb-1a86_USB_Single_Serial_5A36029146-if00'
